17/03/22 21:05:44 INFO  - user01@naver.com님이 selectFriendList.n 요청
17/03/22 21:05:44 INFO  - user01@naver.com님이 selectFriendList.n 요청
17/03/22 21:05:46 INFO  - user01@naver.com님이 mypage.b 요청
17/03/22 21:05:46 INFO  - user01@naver.com님이 mypage.b 요청
17/03/22 21:05:46 INFO  - user01@naver.com님이 selectFriendList.n 요청
17/03/22 21:05:46 INFO  - user01@naver.com님이 selectFriendList.n 요청
17/03/22 21:05:52 INFO  - user01@naver.com님이 mypageInsert.b 요청
17/03/22 21:05:52 INFO  - user01@naver.com님이 mypageInsert.b 요청
17/03/22 21:05:52 INFO  - user01@naver.com님이 mypage2.b 요청
17/03/22 21:05:52 INFO  - user01@naver.com님이 mypage2.b 요청
17/03/22 21:05:52 INFO  - user01@naver.com님이 selectFriendList.n 요청
17/03/22 21:05:52 INFO  - user01@naver.com님이 selectFriendList.n 요청
17/03/22 21:06:17 INFO  - user01@naver.com님이 alink.do 요청
17/03/22 21:06:17 INFO  - user01@naver.com님이 alink.do 요청
17/03/22 21:06:17 INFO  - user01@naver.com님이 selectFriendList.n 요청
17/03/22 21:06:17 INFO  - user01@naver.com님이 selectFriendList.n 요청
17/03/22 21:06:18 INFO  - user01@naver.com님이 mypage.b 요청
17/03/22 21:06:18 INFO  - user01@naver.com님이 mypage.b 요청
17/03/22 21:06:18 INFO  - user01@naver.com님이 selectFriendList.n 요청
17/03/22 21:06:18 INFO  - user01@naver.com님이 selectFriendList.n 요청
17/03/22 21:07:04 INFO  - user01@naver.com님이 selectFriendList.n 요청
17/03/22 21:07:04 INFO  - user01@naver.com님이 selectFriendList.n 요청
17/03/22 21:07:05 INFO  - user01@naver.com님이 alink.do 요청
17/03/22 21:07:05 INFO  - user01@naver.com님이 alink.do 요청
17/03/22 21:07:06 INFO  - user01@naver.com님이 alink.do 요청
17/03/22 21:07:06 INFO  - user01@naver.com님이 alink.do 요청
17/03/22 21:07:07 INFO  - user01@naver.com님이 selectFriendList.n 요청
17/03/22 21:07:07 INFO  - user01@naver.com님이 selectFriendList.n 요청
17/03/22 21:07:09 INFO  - user01@naver.com님이 mypage.b 요청
17/03/22 21:07:09 INFO  - user01@naver.com님이 mypage.b 요청
17/03/22 21:07:09 INFO  - user01@naver.com님이 selectFriendList.n 요청
17/03/22 21:07:09 INFO  - user01@naver.com님이 selectFriendList.n 요청
17/03/22 21:09:06 INFO  - user01@naver.com님이 alink.do 요청
17/03/22 21:09:06 INFO  - user01@naver.com님이 alink.do 요청
17/03/22 21:09:06 INFO  - user01@naver.com님이 selectFriendList.n 요청
17/03/22 21:09:06 INFO  - user01@naver.com님이 selectFriendList.n 요청
17/03/22 21:09:37 INFO  - user01@naver.com님이 selectFriendList.n 요청
17/03/22 21:09:37 INFO  - user01@naver.com님이 selectFriendList.n 요청
17/03/22 21:09:37 INFO  - user01@naver.com님이 mypage.b 요청
17/03/22 21:09:37 INFO  - user01@naver.com님이 mypage.b 요청
17/03/22 21:09:39 INFO  - user01@naver.com님이 selectFriendList.n 요청
17/03/22 21:09:39 INFO  - user01@naver.com님이 selectFriendList.n 요청
17/03/22 21:09:46 INFO  - user01@naver.com님이 mypageInsert.b 요청
17/03/22 21:09:46 INFO  - user01@naver.com님이 mypageInsert.b 요청
17/03/22 21:09:46 INFO  - user01@naver.com님이 mypage2.b 요청
17/03/22 21:09:46 INFO  - user01@naver.com님이 mypage2.b 요청
17/03/22 21:09:47 INFO  - user01@naver.com님이 selectFriendList.n 요청
17/03/22 21:09:47 INFO  - user01@naver.com님이 selectFriendList.n 요청
17/03/22 21:10:02 INFO  - user01@naver.com님이 headmsglist.j 요청
17/03/22 21:10:02 INFO  - user01@naver.com님이 headmsglist.j 요청
17/03/22 21:10:11 INFO  - user01@naver.com님이 mypage.b 요청
17/03/22 21:10:11 INFO  - user01@naver.com님이 mypage.b 요청
17/03/22 21:10:11 INFO  - user01@naver.com님이 selectFriendList.n 요청
17/03/22 21:10:11 INFO  - user01@naver.com님이 selectFriendList.n 요청
17/03/22 21:10:21 INFO  - user01@naver.com님이 mypageLike.b 요청
17/03/22 21:10:21 INFO  - user01@naver.com님이 mypageLike.b 요청
17/03/22 21:10:25 INFO  - user01@naver.com님이 MypageUnLike.b 요청
17/03/22 21:10:25 INFO  - user01@naver.com님이 MypageUnLike.b 요청
17/03/22 21:10:34 INFO  - user01@naver.com님이 mypage.b 요청
17/03/22 21:10:34 INFO  - user01@naver.com님이 mypage.b 요청
17/03/22 21:10:35 INFO  - user01@naver.com님이 alink.do 요청
17/03/22 21:10:35 INFO  - user01@naver.com님이 alink.do 요청
17/03/22 21:10:35 INFO  - user01@naver.com님이 selectFriendList.n 요청
17/03/22 21:10:35 INFO  - user01@naver.com님이 selectFriendList.n 요청
17/03/22 21:10:36 INFO  - user01@naver.com님이 selectFriendList.n 요청
17/03/22 21:10:36 INFO  - user01@naver.com님이 selectFriendList.n 요청
17/03/22 21:10:38 INFO  - user01@naver.com님이 alink.do 요청
17/03/22 21:10:38 INFO  - user01@naver.com님이 alink.do 요청
17/03/22 21:10:38 INFO  - user01@naver.com님이 selectFriendList.n 요청
17/03/22 21:10:38 INFO  - user01@naver.com님이 selectFriendList.n 요청
17/03/22 21:10:41 INFO  - user01@naver.com님이 mypage.b 요청
17/03/22 21:10:41 INFO  - user01@naver.com님이 mypage.b 요청
17/03/22 21:10:41 INFO  - user01@naver.com님이 selectFriendList.n 요청
17/03/22 21:10:41 INFO  - user01@naver.com님이 selectFriendList.n 요청
17/03/22 21:10:43 INFO  - user01@naver.com님이 mypage.b 요청
17/03/22 21:10:43 INFO  - user01@naver.com님이 mypage.b 요청
17/03/22 21:10:46 INFO  - user01@naver.com님이 selectFriendList.n 요청
17/03/22 21:10:46 INFO  - user01@naver.com님이 selectFriendList.n 요청
17/03/22 21:10:46 INFO  - user01@naver.com님이 mypageLike.b 요청
17/03/22 21:10:46 INFO  - user01@naver.com님이 mypageLike.b 요청
17/03/22 21:10:54 INFO  - user01@naver.com님이 alink.do 요청
17/03/22 21:10:54 INFO  - user01@naver.com님이 alink.do 요청
17/03/22 21:10:55 INFO  - user01@naver.com님이 selectFriendList.n 요청
17/03/22 21:10:55 INFO  - user01@naver.com님이 selectFriendList.n 요청
17/03/22 21:11:34 INFO  - user01@naver.com님이 mypage.b 요청
17/03/22 21:11:34 INFO  - user01@naver.com님이 mypage.b 요청
17/03/22 21:11:35 INFO  - user01@naver.com님이 selectFriendList.n 요청
17/03/22 21:11:35 INFO  - user01@naver.com님이 selectFriendList.n 요청
17/03/22 21:12:12 INFO  - user01@naver.com님이 alink.do 요청
17/03/22 21:12:12 INFO  - user01@naver.com님이 alink.do 요청
17/03/22 21:12:13 INFO  - user01@naver.com님이 selectFriendList.n 요청
17/03/22 21:12:13 INFO  - user01@naver.com님이 selectFriendList.n 요청
17/03/22 21:12:15 INFO  - user01@naver.com님이 mypage.b 요청
17/03/22 21:12:15 INFO  - user01@naver.com님이 mypage.b 요청
17/03/22 21:12:16 INFO  - user01@naver.com님이 selectFriendList.n 요청
17/03/22 21:12:16 INFO  - user01@naver.com님이 selectFriendList.n 요청
17/03/22 21:12:43 INFO  - user01@naver.com님이 mypage.b 요청
17/03/22 21:12:43 INFO  - user01@naver.com님이 mypage.b 요청
17/03/22 21:12:43 INFO  - user01@naver.com님이 selectFriendList.n 요청
17/03/22 21:12:43 INFO  - user01@naver.com님이 selectFriendList.n 요청
17/03/22 21:12:51 INFO  - user01@naver.com님이 mypage.b 요청
17/03/22 21:12:51 INFO  - user01@naver.com님이 mypage.b 요청
17/03/22 21:12:52 INFO  - user01@naver.com님이 selectFriendList.n 요청
17/03/22 21:12:52 INFO  - user01@naver.com님이 selectFriendList.n 요청
17/03/22 21:14:20 INFO  - user01@naver.com님이 mypage.b 요청
17/03/22 21:14:20 INFO  - user01@naver.com님이 mypage.b 요청
17/03/22 21:14:20 INFO  - user01@naver.com님이 selectFriendList.n 요청
17/03/22 21:14:20 INFO  - user01@naver.com님이 selectFriendList.n 요청
17/03/22 21:14:23 INFO  - user01@naver.com님이 mypage.b 요청
17/03/22 21:14:23 INFO  - user01@naver.com님이 mypage.b 요청
17/03/22 21:14:23 INFO  - user01@naver.com님이 selectFriendList.n 요청
17/03/22 21:14:23 INFO  - user01@naver.com님이 selectFriendList.n 요청
17/03/22 21:14:25 INFO  - user01@naver.com님이 alink.do 요청
17/03/22 21:14:25 INFO  - user01@naver.com님이 alink.do 요청
17/03/22 21:14:30 INFO  - user01@naver.com님이 mypagePoto.b 요청
17/03/22 21:14:30 INFO  - user01@naver.com님이 mypagePoto.b 요청
17/03/22 21:14:33 INFO  - user01@naver.com님이 contentsMain.b 요청
17/03/22 21:14:33 INFO  - user01@naver.com님이 contentsMain.b 요청
17/03/22 21:14:39 INFO  - user01@naver.com님이 mypagePoto.b 요청
17/03/22 21:14:39 INFO  - user01@naver.com님이 mypagePoto.b 요청
17/03/22 21:15:08 INFO  - user01@naver.com님이 selectFriendList.n 요청
17/03/22 21:15:08 INFO  - user01@naver.com님이 selectFriendList.n 요청
17/03/22 21:15:12 INFO  - user01@naver.com님이 mypageDetail.b 요청
17/03/22 21:15:12 INFO  - user01@naver.com님이 mypageDetail.b 요청
17/03/22 21:15:19 INFO  - user01@naver.com님이 mypageDetail.b 요청
17/03/22 21:15:19 INFO  - user01@naver.com님이 mypageDetail.b 요청
17/03/22 21:15:33 INFO  - user01@naver.com님이 alink.do 요청
17/03/22 21:15:33 INFO  - user01@naver.com님이 alink.do 요청
17/03/22 21:15:33 INFO  - user01@naver.com님이 selectFriendList.n 요청
17/03/22 21:15:33 INFO  - user01@naver.com님이 selectFriendList.n 요청
17/03/22 21:15:38 INFO  - user01@naver.com님이 mypage.b 요청
17/03/22 21:15:38 INFO  - user01@naver.com님이 mypage.b 요청
17/03/22 21:15:38 INFO  - user01@naver.com님이 selectFriendList.n 요청
17/03/22 21:15:38 INFO  - user01@naver.com님이 selectFriendList.n 요청
17/03/22 21:15:43 INFO  - user01@naver.com님이 mypageDetail.b 요청
17/03/22 21:15:43 INFO  - user01@naver.com님이 mypageDetail.b 요청
17/03/22 21:15:49 INFO  - user01@naver.com님이 alink.do 요청
17/03/22 21:15:49 INFO  - user01@naver.com님이 alink.do 요청
17/03/22 21:15:49 INFO  - user01@naver.com님이 selectFriendList.n 요청
17/03/22 21:15:49 INFO  - user01@naver.com님이 selectFriendList.n 요청
17/03/22 21:15:53 INFO  - user01@naver.com님이 alink.do 요청
17/03/22 21:15:53 INFO  - user01@naver.com님이 alink.do 요청
17/03/22 21:15:53 INFO  - user01@naver.com님이 selectFriendList.n 요청
17/03/22 21:15:53 INFO  - user01@naver.com님이 selectFriendList.n 요청
17/03/22 21:15:55 INFO  - user01@naver.com님이 mypage.b 요청
17/03/22 21:15:55 INFO  - user01@naver.com님이 mypage.b 요청
17/03/22 21:15:55 INFO  - user01@naver.com님이 selectFriendList.n 요청
17/03/22 21:15:55 INFO  - user01@naver.com님이 selectFriendList.n 요청
17/03/22 21:17:55 INFO  - user01@naver.com님이 mypage.b 요청
17/03/22 21:17:55 INFO  - user01@naver.com님이 mypage.b 요청
17/03/22 21:17:56 INFO  - user01@naver.com님이 selectFriendList.n 요청
17/03/22 21:17:56 INFO  - user01@naver.com님이 selectFriendList.n 요청
17/03/22 21:17:57 INFO  - user01@naver.com님이 alink.do 요청
17/03/22 21:17:57 INFO  - user01@naver.com님이 alink.do 요청
17/03/22 21:17:57 INFO  - user01@naver.com님이 selectFriendList.n 요청
17/03/22 21:17:57 INFO  - user01@naver.com님이 selectFriendList.n 요청
17/03/22 21:17:59 INFO  - user01@naver.com님이 alink.do 요청
17/03/22 21:17:59 INFO  - user01@naver.com님이 alink.do 요청
17/03/22 21:17:59 INFO  - user01@naver.com님이 selectFriendList.n 요청
17/03/22 21:17:59 INFO  - user01@naver.com님이 selectFriendList.n 요청
17/03/22 21:18:01 INFO  - user01@naver.com님이 mypage.b 요청
17/03/22 21:18:01 INFO  - user01@naver.com님이 mypage.b 요청
17/03/22 21:18:01 INFO  - user01@naver.com님이 selectFriendList.n 요청
17/03/22 21:18:01 INFO  - user01@naver.com님이 selectFriendList.n 요청
17/03/22 21:18:15 INFO  - user01@naver.com님이 alink.do 요청
17/03/22 21:18:15 INFO  - user01@naver.com님이 alink.do 요청
17/03/22 21:18:25 INFO  - user01@naver.com님이 alink.do 요청
17/03/22 21:18:25 INFO  - user01@naver.com님이 alink.do 요청
17/03/22 21:18:59 INFO  - user01@naver.com님이 alink.do 요청
17/03/22 21:18:59 INFO  - user01@naver.com님이 alink.do 요청
17/03/22 21:19:37 INFO  - user01@naver.com님이 alink.do 요청
17/03/22 21:19:37 INFO  - user01@naver.com님이 alink.do 요청
17/03/22 21:19:40 INFO  - user01@naver.com님이 alink.do 요청
17/03/22 21:19:40 INFO  - user01@naver.com님이 alink.do 요청
17/03/22 21:19:49 INFO  - user01@naver.com님이 alink.do 요청
17/03/22 21:19:49 INFO  - user01@naver.com님이 alink.do 요청
17/03/22 21:19:49 INFO  - user01@naver.com님이 selectFriendList.n 요청
17/03/22 21:19:49 INFO  - user01@naver.com님이 selectFriendList.n 요청
17/03/22 21:19:50 INFO  - user01@naver.com님이 totalSearch.n 요청
17/03/22 21:19:50 INFO  - user01@naver.com님이 totalSearch.n 요청
17/03/22 21:19:50 INFO  - user01@naver.com님이 totalSearch.n 요청
17/03/22 21:19:50 INFO  - user01@naver.com님이 totalSearch.n 요청
17/03/22 21:19:50 INFO  - user01@naver.com님이 totalSearch.n 요청
17/03/22 21:19:50 INFO  - user01@naver.com님이 totalSearch.n 요청
17/03/22 21:19:50 INFO  - user01@naver.com님이 totalSearch.n 요청
17/03/22 21:19:50 INFO  - user01@naver.com님이 totalSearch.n 요청
17/03/22 21:19:50 INFO  - user01@naver.com님이 totalSearch.n 요청
17/03/22 21:19:50 INFO  - user01@naver.com님이 totalSearch.n 요청
17/03/22 21:19:54 INFO  - user01@naver.com님이 mypage.b 요청
17/03/22 21:19:54 INFO  - user01@naver.com님이 mypage.b 요청
17/03/22 21:19:54 INFO  - user01@naver.com님이 selectFriendList.n 요청
17/03/22 21:19:54 INFO  - user01@naver.com님이 selectFriendList.n 요청
17/03/22 21:19:55 INFO  - user01@naver.com님이 totalSearch.n 요청
17/03/22 21:19:55 INFO  - user01@naver.com님이 totalSearch.n 요청
17/03/22 21:19:55 INFO  - user01@naver.com님이 totalSearch.n 요청
17/03/22 21:19:55 INFO  - user01@naver.com님이 totalSearch.n 요청
17/03/22 21:19:55 INFO  - user01@naver.com님이 totalSearch.n 요청
17/03/22 21:19:55 INFO  - user01@naver.com님이 totalSearch.n 요청
17/03/22 21:19:55 INFO  - user01@naver.com님이 totalSearch.n 요청
17/03/22 21:19:55 INFO  - user01@naver.com님이 totalSearch.n 요청
17/03/22 21:19:56 INFO  - user01@naver.com님이 mypage.b 요청
17/03/22 21:19:56 INFO  - user01@naver.com님이 mypage.b 요청
17/03/22 21:19:57 INFO  - user01@naver.com님이 selectFriendList.n 요청
17/03/22 21:19:57 INFO  - user01@naver.com님이 selectFriendList.n 요청
17/03/22 21:19:58 INFO  - user01@naver.com님이 totalSearch.n 요청
17/03/22 21:19:58 INFO  - user01@naver.com님이 totalSearch.n 요청
17/03/22 21:19:58 INFO  - user01@naver.com님이 totalSearch.n 요청
17/03/22 21:19:58 INFO  - user01@naver.com님이 totalSearch.n 요청
17/03/22 21:19:58 INFO  - user01@naver.com님이 totalSearch.n 요청
17/03/22 21:19:58 INFO  - user01@naver.com님이 totalSearch.n 요청
17/03/22 21:20:01 INFO  - user01@naver.com님이 alink.do 요청
17/03/22 21:20:01 INFO  - user01@naver.com님이 alink.do 요청
17/03/22 21:20:14 INFO  - user01@naver.com님이 totalSearch.n 요청
17/03/22 21:20:14 INFO  - user01@naver.com님이 totalSearch.n 요청
17/03/22 21:20:15 INFO  - user01@naver.com님이 totalSearch.n 요청
17/03/22 21:20:15 INFO  - user01@naver.com님이 totalSearch.n 요청
17/03/22 21:20:15 INFO  - user01@naver.com님이 totalSearch.n 요청
17/03/22 21:20:15 INFO  - user01@naver.com님이 totalSearch.n 요청
17/03/22 21:20:15 INFO  - user01@naver.com님이 totalSearch.n 요청
17/03/22 21:20:15 INFO  - user01@naver.com님이 totalSearch.n 요청
17/03/22 21:20:16 INFO  - user01@naver.com님이 totalSearch.n 요청
17/03/22 21:20:16 INFO  - user01@naver.com님이 totalSearch.n 요청
17/03/22 21:20:18 INFO  - user01@naver.com님이 totalSearch.n 요청
17/03/22 21:20:18 INFO  - user01@naver.com님이 totalSearch.n 요청
17/03/22 21:20:18 INFO  - user01@naver.com님이 totalSearch.n 요청
17/03/22 21:20:18 INFO  - user01@naver.com님이 totalSearch.n 요청
17/03/22 21:20:18 INFO  - user01@naver.com님이 totalSearch.n 요청
17/03/22 21:20:18 INFO  - user01@naver.com님이 totalSearch.n 요청
17/03/22 21:20:22 INFO  - user01@naver.com님이 totalSearch.n 요청
17/03/22 21:20:22 INFO  - user01@naver.com님이 totalSearch.n 요청
17/03/22 21:20:22 INFO  - user01@naver.com님이 totalSearch.n 요청
17/03/22 21:20:22 INFO  - user01@naver.com님이 totalSearch.n 요청
17/03/22 21:20:22 INFO  - user01@naver.com님이 totalSearch.n 요청
17/03/22 21:20:22 INFO  - user01@naver.com님이 totalSearch.n 요청
17/03/22 21:20:23 INFO  - user01@naver.com님이 totalSearch.n 요청
17/03/22 21:20:23 INFO  - user01@naver.com님이 totalSearch.n 요청
17/03/22 21:20:36 INFO  - user01@naver.com님이 alink.do 요청
17/03/22 21:20:36 INFO  - user01@naver.com님이 alink.do 요청
17/03/22 21:20:37 INFO  - user01@naver.com님이 mypagePoto.b 요청
17/03/22 21:20:37 INFO  - user01@naver.com님이 mypagePoto.b 요청
17/03/22 21:20:40 INFO  - user01@naver.com님이 alink.do 요청
17/03/22 21:20:40 INFO  - user01@naver.com님이 alink.do 요청
17/03/22 21:20:40 INFO  - user01@naver.com님이 selectFriendList.n 요청
17/03/22 21:20:40 INFO  - user01@naver.com님이 selectFriendList.n 요청
17/03/22 21:20:43 INFO  - user01@naver.com님이 mypage.b 요청
17/03/22 21:20:43 INFO  - user01@naver.com님이 mypage.b 요청
17/03/22 21:20:44 INFO  - user01@naver.com님이 selectFriendList.n 요청
17/03/22 21:20:44 INFO  - user01@naver.com님이 selectFriendList.n 요청
17/03/22 21:20:46 INFO  - user01@naver.com님이 alink.do 요청
17/03/22 21:20:46 INFO  - user01@naver.com님이 alink.do 요청
17/03/22 21:21:41 INFO  - user01@naver.com님이 alink.do 요청
17/03/22 21:21:41 INFO  - user01@naver.com님이 alink.do 요청
17/03/22 21:21:42 INFO  - user01@naver.com님이 selectFriendList.n 요청
17/03/22 21:21:42 INFO  - user01@naver.com님이 selectFriendList.n 요청
17/03/22 21:22:19 INFO  - user01@naver.com님이 alink.do 요청
17/03/22 21:22:19 INFO  - user01@naver.com님이 alink.do 요청
17/03/22 21:22:19 INFO  - user01@naver.com님이 selectFriendList.n 요청
17/03/22 21:22:19 INFO  - user01@naver.com님이 selectFriendList.n 요청
17/03/22 21:23:02 INFO  - user01@naver.com님이 mypage.b 요청
17/03/22 21:23:02 INFO  - user01@naver.com님이 mypage.b 요청
17/03/22 21:23:03 INFO  - user01@naver.com님이 selectFriendList.n 요청
17/03/22 21:23:03 INFO  - user01@naver.com님이 selectFriendList.n 요청
17/03/22 21:23:48 INFO  - user01@naver.com님이 mypage.b 요청
17/03/22 21:23:48 INFO  - user01@naver.com님이 mypage.b 요청
17/03/22 21:23:49 INFO  - user01@naver.com님이 selectFriendList.n 요청
17/03/22 21:23:49 INFO  - user01@naver.com님이 selectFriendList.n 요청
17/03/22 21:23:53 INFO  - user01@naver.com님이 mypage.b 요청
17/03/22 21:23:53 INFO  - user01@naver.com님이 mypage.b 요청
17/03/22 21:23:54 INFO  - user01@naver.com님이 selectFriendList.n 요청
17/03/22 21:23:54 INFO  - user01@naver.com님이 selectFriendList.n 요청
17/03/22 21:24:54 INFO  - user01@naver.com님이 mypage.b 요청
17/03/22 21:24:54 INFO  - user01@naver.com님이 mypage.b 요청
17/03/22 21:24:54 INFO  - user01@naver.com님이 selectFriendList.n 요청
17/03/22 21:24:54 INFO  - user01@naver.com님이 selectFriendList.n 요청
17/03/22 21:25:46 INFO  - user01@naver.com님이 mypage.b 요청
17/03/22 21:25:46 INFO  - user01@naver.com님이 mypage.b 요청
17/03/22 21:25:46 INFO  - user01@naver.com님이 selectFriendList.n 요청
17/03/22 21:25:46 INFO  - user01@naver.com님이 selectFriendList.n 요청
17/03/22 21:26:12 INFO  - user01@naver.com님이 mypage.b 요청
17/03/22 21:26:12 INFO  - user01@naver.com님이 mypage.b 요청
17/03/22 21:26:12 INFO  - user01@naver.com님이 selectFriendList.n 요청
17/03/22 21:26:12 INFO  - user01@naver.com님이 selectFriendList.n 요청
17/03/22 21:26:55 INFO  - user01@naver.com님이 mypage.b 요청
17/03/22 21:26:55 INFO  - user01@naver.com님이 mypage.b 요청
17/03/22 21:26:56 INFO  - user01@naver.com님이 selectFriendList.n 요청
17/03/22 21:26:56 INFO  - user01@naver.com님이 selectFriendList.n 요청
17/03/22 21:26:57 INFO  - user01@naver.com님이 alink.do 요청
17/03/22 21:26:57 INFO  - user01@naver.com님이 alink.do 요청
17/03/22 21:26:57 INFO  - user01@naver.com님이 selectFriendList.n 요청
17/03/22 21:26:57 INFO  - user01@naver.com님이 selectFriendList.n 요청
17/03/22 21:27:35 INFO  - user01@naver.com님이 alink.do 요청
17/03/22 21:27:35 INFO  - user01@naver.com님이 alink.do 요청
17/03/22 21:27:35 INFO  - user01@naver.com님이 selectFriendList.n 요청
17/03/22 21:27:35 INFO  - user01@naver.com님이 selectFriendList.n 요청
