17/03/17 16:23:31 INFO  - user01@naver.com님이 selectFriendList.n 요청
17/03/17 16:23:31 INFO  - user01@naver.com님이 selectFriendList.n 요청
17/03/17 16:23:33 INFO  - user01@naver.com님이 headmsglist.j 요청
17/03/17 16:23:33 INFO  - user01@naver.com님이 headmsglist.j 요청
17/03/17 16:23:33 INFO  - user01@naver.com님이 headmsglist.j 요청
17/03/17 16:23:33 INFO  - user01@naver.com님이 headmsglist.j 요청
17/03/17 16:23:34 INFO  - user01@naver.com님이 msgreadlist.j 요청
17/03/17 16:23:34 INFO  - user01@naver.com님이 msgreadlist.j 요청
17/03/17 16:23:36 INFO  - user01@naver.com님이 alink.do 요청
17/03/17 16:23:36 INFO  - user01@naver.com님이 alink.do 요청
17/03/17 16:23:42 INFO  - user01@naver.com님이 msgsead.j 요청
17/03/17 16:23:42 INFO  - user01@naver.com님이 msgsead.j 요청
17/03/17 16:23:42 INFO  - user01@naver.com님이 msgsendlist.j 요청
17/03/17 16:23:42 INFO  - user01@naver.com님이 msgsendlist.j 요청
17/03/17 16:25:04 INFO  - user01@naver.com님이 alink.do 요청
17/03/17 16:25:04 INFO  - user01@naver.com님이 alink.do 요청
17/03/17 16:25:29 INFO  - user01@naver.com님이 alink.do 요청
17/03/17 16:25:29 INFO  - user01@naver.com님이 alink.do 요청
17/03/17 16:25:42 INFO  - user01@naver.com님이 allmemberid.j 요청
17/03/17 16:25:42 INFO  - user01@naver.com님이 allmemberid.j 요청
17/03/17 16:25:56 INFO  - user01@naver.com님이 alink.do 요청
17/03/17 16:25:56 INFO  - user01@naver.com님이 alink.do 요청
17/03/17 16:26:01 INFO  - user01@naver.com님이 allmemberid.j 요청
17/03/17 16:26:01 INFO  - user01@naver.com님이 allmemberid.j 요청
17/03/17 16:26:13 INFO  - user01@naver.com님이 allmemberid.j 요청
17/03/17 16:26:13 INFO  - user01@naver.com님이 allmemberid.j 요청
17/03/17 16:26:33 INFO  - user01@naver.com님이 allmemberid.j 요청
17/03/17 16:26:33 INFO  - user01@naver.com님이 allmemberid.j 요청
17/03/17 16:26:33 INFO  - user01@naver.com님이 alink.do 요청
17/03/17 16:26:33 INFO  - user01@naver.com님이 alink.do 요청
17/03/17 16:26:35 INFO  - user01@naver.com님이 alink.do 요청
17/03/17 16:26:35 INFO  - user01@naver.com님이 alink.do 요청
17/03/17 16:26:42 INFO  - user01@naver.com님이 allmemberid.j 요청
17/03/17 16:26:42 INFO  - user01@naver.com님이 allmemberid.j 요청
17/03/17 16:26:47 INFO  - user01@naver.com님이 allmemberid.j 요청
17/03/17 16:26:47 INFO  - user01@naver.com님이 allmemberid.j 요청
17/03/17 16:28:22 INFO  - user01@naver.com님이 alink.do 요청
17/03/17 16:28:22 INFO  - user01@naver.com님이 alink.do 요청
17/03/17 16:28:23 INFO  - user01@naver.com님이 selectFriendList.n 요청
17/03/17 16:28:23 INFO  - user01@naver.com님이 selectFriendList.n 요청
17/03/17 16:28:23 INFO  - user01@naver.com님이 alink.do 요청
17/03/17 16:28:23 INFO  - user01@naver.com님이 alink.do 요청
17/03/17 16:28:25 INFO  - user01@naver.com님이 selectFriendList.n 요청
17/03/17 16:28:25 INFO  - user01@naver.com님이 selectFriendList.n 요청
17/03/17 16:28:26 INFO  - user01@naver.com님이 headmsglist.j 요청
17/03/17 16:28:26 INFO  - user01@naver.com님이 headmsglist.j 요청
17/03/17 16:28:26 INFO  - user01@naver.com님이 msgreadlist.j 요청
17/03/17 16:28:26 INFO  - user01@naver.com님이 msgreadlist.j 요청
17/03/17 16:28:29 INFO  - user01@naver.com님이 alink.do 요청
17/03/17 16:28:29 INFO  - user01@naver.com님이 alink.do 요청
17/03/17 16:28:38 INFO  - user01@naver.com님이 allmemberid.j 요청
17/03/17 16:28:38 INFO  - user01@naver.com님이 allmemberid.j 요청
17/03/17 16:29:18 INFO  - user01@naver.com님이 alink.do 요청
17/03/17 16:29:18 INFO  - user01@naver.com님이 alink.do 요청
17/03/17 16:29:19 INFO  - user01@naver.com님이 selectFriendList.n 요청
17/03/17 16:29:19 INFO  - user01@naver.com님이 selectFriendList.n 요청
17/03/17 16:29:24 INFO  - user01@naver.com님이 headmsglist.j 요청
17/03/17 16:29:24 INFO  - user01@naver.com님이 headmsglist.j 요청
17/03/17 16:29:25 INFO  - user01@naver.com님이 headmsglist.j 요청
17/03/17 16:29:25 INFO  - user01@naver.com님이 headmsglist.j 요청
17/03/17 16:29:25 INFO  - user01@naver.com님이 msgreadlist.j 요청
17/03/17 16:29:25 INFO  - user01@naver.com님이 msgreadlist.j 요청
17/03/17 16:29:28 INFO  - user01@naver.com님이 alink.do 요청
17/03/17 16:29:28 INFO  - user01@naver.com님이 alink.do 요청
17/03/17 16:29:31 INFO  - user01@naver.com님이 allmemberid.j 요청
17/03/17 16:29:31 INFO  - user01@naver.com님이 allmemberid.j 요청
17/03/17 16:29:32 INFO  - user01@naver.com님이 msgsead.j 요청
17/03/17 16:29:32 INFO  - user01@naver.com님이 msgsead.j 요청
17/03/17 16:29:32 INFO  - user01@naver.com님이 msgsendlist.j 요청
17/03/17 16:29:32 INFO  - user01@naver.com님이 msgsendlist.j 요청
17/03/17 16:30:13 INFO  - user01@naver.com님이 msgsead.j 요청
17/03/17 16:30:13 INFO  - user01@naver.com님이 msgsead.j 요청
17/03/17 16:30:13 INFO  - user01@naver.com님이 msgsendlist.j 요청
17/03/17 16:30:13 INFO  - user01@naver.com님이 msgsendlist.j 요청
17/03/17 16:30:16 INFO  - user01@naver.com님이 alink.do 요청
17/03/17 16:30:16 INFO  - user01@naver.com님이 alink.do 요청
17/03/17 16:30:20 INFO  - user01@naver.com님이 allmemberid.j 요청
17/03/17 16:30:20 INFO  - user01@naver.com님이 allmemberid.j 요청
17/03/17 16:30:20 INFO  - user01@naver.com님이 msgsead.j 요청
17/03/17 16:30:20 INFO  - user01@naver.com님이 msgsead.j 요청
17/03/17 16:30:20 INFO  - user01@naver.com님이 msgsendlist.j 요청
17/03/17 16:30:20 INFO  - user01@naver.com님이 msgsendlist.j 요청
17/03/17 16:30:22 INFO  - user01@naver.com님이 alink.do 요청
17/03/17 16:30:22 INFO  - user01@naver.com님이 alink.do 요청
17/03/17 16:30:27 INFO  - user01@naver.com님이 allmemberid.j 요청
17/03/17 16:30:27 INFO  - user01@naver.com님이 allmemberid.j 요청
17/03/17 16:30:27 INFO  - user01@naver.com님이 msgsead.j 요청
17/03/17 16:30:27 INFO  - user01@naver.com님이 msgsead.j 요청
17/03/17 16:30:27 INFO  - user01@naver.com님이 msgsendlist.j 요청
17/03/17 16:30:27 INFO  - user01@naver.com님이 msgsendlist.j 요청
17/03/17 16:31:02 INFO  - user01@naver.com님이 msgsead.j 요청
17/03/17 16:31:02 INFO  - user01@naver.com님이 msgsead.j 요청
17/03/17 16:31:02 INFO  - user01@naver.com님이 msgsendlist.j 요청
17/03/17 16:31:02 INFO  - user01@naver.com님이 msgsendlist.j 요청
17/03/17 16:31:04 INFO  - user01@naver.com님이 alink.do 요청
17/03/17 16:31:04 INFO  - user01@naver.com님이 alink.do 요청
17/03/17 16:31:09 INFO  - user01@naver.com님이 allmemberid.j 요청
17/03/17 16:31:09 INFO  - user01@naver.com님이 allmemberid.j 요청
17/03/17 16:31:14 INFO  - user01@naver.com님이 alink.do 요청
17/03/17 16:31:14 INFO  - user01@naver.com님이 alink.do 요청
17/03/17 16:31:36 INFO  - user01@naver.com님이 alink.do 요청
17/03/17 16:31:36 INFO  - user01@naver.com님이 alink.do 요청
17/03/17 16:31:46 INFO  - user01@naver.com님이 allmemberid.j 요청
17/03/17 16:31:46 INFO  - user01@naver.com님이 allmemberid.j 요청
17/03/17 16:32:34 INFO  - user01@naver.com님이 alink.do 요청
17/03/17 16:32:34 INFO  - user01@naver.com님이 alink.do 요청
17/03/17 16:32:40 INFO  - user01@naver.com님이 allmemberid.j 요청
17/03/17 16:32:40 INFO  - user01@naver.com님이 allmemberid.j 요청
17/03/17 16:32:48 INFO  - user01@naver.com님이 alink.do 요청
17/03/17 16:32:48 INFO  - user01@naver.com님이 alink.do 요청
17/03/17 16:32:50 INFO  - user01@naver.com님이 allmemberid.j 요청
17/03/17 16:32:50 INFO  - user01@naver.com님이 allmemberid.j 요청
17/03/17 16:33:10 INFO  - user01@naver.com님이 alink.do 요청
17/03/17 16:33:10 INFO  - user01@naver.com님이 alink.do 요청
17/03/17 16:33:13 INFO  - user01@naver.com님이 allmemberid.j 요청
17/03/17 16:33:13 INFO  - user01@naver.com님이 allmemberid.j 요청
17/03/17 16:34:07 INFO  - user01@naver.com님이 alink.do 요청
17/03/17 16:34:07 INFO  - user01@naver.com님이 alink.do 요청
17/03/17 16:34:09 INFO  - user01@naver.com님이 alink.do 요청
17/03/17 16:34:09 INFO  - user01@naver.com님이 alink.do 요청
17/03/17 16:34:11 INFO  - user01@naver.com님이 allmemberid.j 요청
17/03/17 16:34:11 INFO  - user01@naver.com님이 allmemberid.j 요청
17/03/17 16:34:47 INFO  - user01@naver.com님이 alink.do 요청
17/03/17 16:34:47 INFO  - user01@naver.com님이 alink.do 요청
17/03/17 16:34:49 INFO  - user01@naver.com님이 alink.do 요청
17/03/17 16:34:49 INFO  - user01@naver.com님이 alink.do 요청
17/03/17 16:34:51 INFO  - user01@naver.com님이 allmemberid.j 요청
17/03/17 16:34:51 INFO  - user01@naver.com님이 allmemberid.j 요청
17/03/17 16:34:51 INFO  - user01@naver.com님이 msgsead.j 요청
17/03/17 16:34:51 INFO  - user01@naver.com님이 msgsead.j 요청
17/03/17 16:34:51 INFO  - user01@naver.com님이 msgsendlist.j 요청
17/03/17 16:34:51 INFO  - user01@naver.com님이 msgsendlist.j 요청
17/03/17 16:34:58 INFO  - user01@naver.com님이 alink.do 요청
17/03/17 16:34:58 INFO  - user01@naver.com님이 alink.do 요청
17/03/17 16:35:04 INFO  - user01@naver.com님이 allmemberid.j 요청
17/03/17 16:35:04 INFO  - user01@naver.com님이 allmemberid.j 요청
17/03/17 16:35:04 INFO  - user01@naver.com님이 msgsead.j 요청
17/03/17 16:35:04 INFO  - user01@naver.com님이 msgsead.j 요청
17/03/17 16:35:04 INFO  - user01@naver.com님이 msgsendlist.j 요청
17/03/17 16:35:04 INFO  - user01@naver.com님이 msgsendlist.j 요청
17/03/17 16:38:48 INFO  - user01@naver.com님이 selectFriendList.n 요청
17/03/17 16:38:48 INFO  - user01@naver.com님이 selectFriendList.n 요청
17/03/17 16:38:51 INFO  - user01@naver.com님이 selectFriendList.n 요청
17/03/17 16:38:51 INFO  - user01@naver.com님이 selectFriendList.n 요청
17/03/17 16:39:25 INFO  - user01@naver.com님이 selectFriendList.n 요청
17/03/17 16:39:25 INFO  - user01@naver.com님이 selectFriendList.n 요청
17/03/17 16:39:48 INFO  - user01@naver.com님이 headmsglist.j 요청
17/03/17 16:39:48 INFO  - user01@naver.com님이 headmsglist.j 요청
17/03/17 16:39:48 INFO  - user01@naver.com님이 headmsglist.j 요청
17/03/17 16:39:48 INFO  - user01@naver.com님이 headmsglist.j 요청
17/03/17 16:39:48 INFO  - user01@naver.com님이 msgreadlist.j 요청
17/03/17 16:39:48 INFO  - user01@naver.com님이 msgreadlist.j 요청
17/03/17 16:40:01 INFO  - user01@naver.com님이 alink.do 요청
17/03/17 16:40:01 INFO  - user01@naver.com님이 alink.do 요청
17/03/17 16:40:03 INFO  - user01@naver.com님이 msgreadlist.j 요청
17/03/17 16:40:03 INFO  - user01@naver.com님이 msgreadlist.j 요청
17/03/17 16:40:12 INFO  - user01@naver.com님이 msgspamuserlist.j 요청
17/03/17 16:40:12 INFO  - user01@naver.com님이 msgspamuserlist.j 요청
17/03/17 16:40:14 INFO  - user01@naver.com님이 msgspamlist.j 요청
17/03/17 16:40:14 INFO  - user01@naver.com님이 msgspamlist.j 요청
17/03/17 16:40:17 INFO  - user01@naver.com님이 msgsendlist.j 요청
17/03/17 16:40:17 INFO  - user01@naver.com님이 msgsendlist.j 요청
17/03/17 16:40:17 INFO  - user01@naver.com님이 alink.do 요청
17/03/17 16:40:17 INFO  - user01@naver.com님이 alink.do 요청
17/03/17 16:40:19 INFO  - user01@naver.com님이 msgreadlist.j 요청
17/03/17 16:40:19 INFO  - user01@naver.com님이 msgreadlist.j 요청
17/03/17 16:40:27 INFO  - user01@naver.com님이 alink.do 요청
17/03/17 16:40:27 INFO  - user01@naver.com님이 alink.do 요청
17/03/17 16:41:07 INFO  - user01@naver.com님이 alink.do 요청
17/03/17 16:41:07 INFO  - user01@naver.com님이 alink.do 요청
17/03/17 16:41:09 INFO  - user01@naver.com님이 msgreadlist.j 요청
17/03/17 16:41:09 INFO  - user01@naver.com님이 msgreadlist.j 요청
17/03/17 16:41:11 INFO  - user01@naver.com님이 msgreadlist.j 요청
17/03/17 16:41:11 INFO  - user01@naver.com님이 msgreadlist.j 요청
17/03/17 16:41:13 INFO  - user01@naver.com님이 msgreadlist.j 요청
17/03/17 16:41:13 INFO  - user01@naver.com님이 msgreadlist.j 요청
17/03/17 16:41:13 INFO  - user01@naver.com님이 msgreadlist.j 요청
17/03/17 16:41:13 INFO  - user01@naver.com님이 msgreadlist.j 요청
17/03/17 16:41:13 INFO  - user01@naver.com님이 msgreadlist.j 요청
17/03/17 16:41:13 INFO  - user01@naver.com님이 msgreadlist.j 요청
17/03/17 16:41:14 INFO  - user01@naver.com님이 msgreadlist.j 요청
17/03/17 16:41:14 INFO  - user01@naver.com님이 msgreadlist.j 요청
17/03/17 16:41:36 INFO  - user01@naver.com님이 selectFriendList.n 요청
17/03/17 16:41:36 INFO  - user01@naver.com님이 selectFriendList.n 요청
17/03/17 16:41:39 INFO  - user01@naver.com님이 headmsglist.j 요청
17/03/17 16:41:39 INFO  - user01@naver.com님이 headmsglist.j 요청
17/03/17 16:41:39 INFO  - user01@naver.com님이 msgreadlist.j 요청
17/03/17 16:41:39 INFO  - user01@naver.com님이 msgreadlist.j 요청
17/03/17 16:41:39 INFO  - user01@naver.com님이 headmsglist.j 요청
17/03/17 16:41:39 INFO  - user01@naver.com님이 headmsglist.j 요청
17/03/17 16:41:49 INFO  - user01@naver.com님이 selectFriendList.n 요청
17/03/17 16:41:49 INFO  - user01@naver.com님이 selectFriendList.n 요청
17/03/17 16:41:50 INFO  - user01@naver.com님이 headmsglist.j 요청
17/03/17 16:41:50 INFO  - user01@naver.com님이 headmsglist.j 요청
17/03/17 16:41:51 INFO  - user01@naver.com님이 msgreadlist.j 요청
17/03/17 16:41:51 INFO  - user01@naver.com님이 msgreadlist.j 요청
17/03/17 16:41:51 INFO  - user01@naver.com님이 headmsglist.j 요청
17/03/17 16:41:51 INFO  - user01@naver.com님이 headmsglist.j 요청
17/03/17 16:41:53 INFO  - user01@naver.com님이 msgreadlist.j 요청
17/03/17 16:41:53 INFO  - user01@naver.com님이 msgreadlist.j 요청
17/03/17 16:41:54 INFO  - user01@naver.com님이 headmsglist.j 요청
17/03/17 16:41:54 INFO  - user01@naver.com님이 headmsglist.j 요청
17/03/17 16:41:55 INFO  - user01@naver.com님이 msgreadlist.j 요청
17/03/17 16:41:55 INFO  - user01@naver.com님이 msgreadlist.j 요청
17/03/17 16:41:59 INFO  - user01@naver.com님이 msgreadlist.j 요청
17/03/17 16:41:59 INFO  - user01@naver.com님이 msgreadlist.j 요청
17/03/17 16:42:09 INFO  - user01@naver.com님이 alink.do 요청
17/03/17 16:42:09 INFO  - user01@naver.com님이 alink.do 요청
17/03/17 16:42:10 INFO  - user01@naver.com님이 msgreadlist.j 요청
17/03/17 16:42:10 INFO  - user01@naver.com님이 msgreadlist.j 요청
17/03/17 16:42:11 INFO  - user01@naver.com님이 alink.do 요청
17/03/17 16:42:11 INFO  - user01@naver.com님이 alink.do 요청
17/03/17 16:42:13 INFO  - user01@naver.com님이 msgreadlist.j 요청
17/03/17 16:42:13 INFO  - user01@naver.com님이 msgreadlist.j 요청
17/03/17 16:42:14 INFO  - user01@naver.com님이 msgsendlist.j 요청
17/03/17 16:42:14 INFO  - user01@naver.com님이 msgsendlist.j 요청
17/03/17 16:42:15 INFO  - user01@naver.com님이 msgspamlist.j 요청
17/03/17 16:42:15 INFO  - user01@naver.com님이 msgspamlist.j 요청
17/03/17 16:42:17 INFO  - user01@naver.com님이 msgsendlist.j 요청
17/03/17 16:42:17 INFO  - user01@naver.com님이 msgsendlist.j 요청
17/03/17 16:42:19 INFO  - user01@naver.com님이 msgreadlist.j 요청
17/03/17 16:42:19 INFO  - user01@naver.com님이 msgreadlist.j 요청
17/03/17 16:43:11 INFO  - user01@naver.com님이 msgreadlist.j 요청
17/03/17 16:43:11 INFO  - user01@naver.com님이 msgreadlist.j 요청
17/03/17 16:43:12 INFO  - user01@naver.com님이 msgreadlist.j 요청
17/03/17 16:43:12 INFO  - user01@naver.com님이 msgreadlist.j 요청
17/03/17 16:43:12 INFO  - user01@naver.com님이 msgreadlist.j 요청
17/03/17 16:43:12 INFO  - user01@naver.com님이 msgreadlist.j 요청
17/03/17 16:43:12 INFO  - user01@naver.com님이 msgreadlist.j 요청
17/03/17 16:43:12 INFO  - user01@naver.com님이 msgreadlist.j 요청
17/03/17 16:43:12 INFO  - user01@naver.com님이 msgreadlist.j 요청
17/03/17 16:43:13 INFO  - user01@naver.com님이 msgreadlist.j 요청
17/03/17 16:43:21 INFO  - user01@naver.com님이 alink.do 요청
17/03/17 16:43:21 INFO  - user01@naver.com님이 alink.do 요청
17/03/17 16:43:39 INFO  - user01@naver.com님이 allmemberid.j 요청
17/03/17 16:43:39 INFO  - user01@naver.com님이 allmemberid.j 요청
17/03/17 16:46:31 INFO  - user01@naver.com님이 selectFriendList.n 요청
17/03/17 16:46:31 INFO  - user01@naver.com님이 selectFriendList.n 요청
17/03/17 16:46:43 INFO  - user01@naver.com님이 headmsglist.j 요청
17/03/17 16:46:43 INFO  - user01@naver.com님이 headmsglist.j 요청
17/03/17 16:46:44 INFO  - user01@naver.com님이 msgreadlist.j 요청
17/03/17 16:46:44 INFO  - user01@naver.com님이 msgreadlist.j 요청
17/03/17 16:46:44 INFO  - user01@naver.com님이 headmsglist.j 요청
17/03/17 16:46:44 INFO  - user01@naver.com님이 headmsglist.j 요청
17/03/17 16:46:45 INFO  - user01@naver.com님이 alink.do 요청
17/03/17 16:46:45 INFO  - user01@naver.com님이 alink.do 요청
17/03/17 16:46:54 INFO  - user01@naver.com님이 allmemberid.j 요청
17/03/17 16:46:54 INFO  - user01@naver.com님이 allmemberid.j 요청
17/03/17 16:47:14 INFO  - user01@naver.com님이 alink.do 요청
17/03/17 16:47:14 INFO  - user01@naver.com님이 alink.do 요청
17/03/17 16:47:16 INFO  - user01@naver.com님이 msgreadlist.j 요청
17/03/17 16:47:16 INFO  - user01@naver.com님이 msgreadlist.j 요청
17/03/17 16:47:18 INFO  - user01@naver.com님이 allmemberid.j 요청
17/03/17 16:47:18 INFO  - user01@naver.com님이 allmemberid.j 요청
17/03/17 16:47:18 INFO  - user01@naver.com님이 msgsendlist.j 요청
17/03/17 16:47:18 INFO  - user01@naver.com님이 msgsendlist.j 요청
17/03/17 16:47:19 INFO  - user01@naver.com님이 msgsendlist.j 요청
17/03/17 16:47:19 INFO  - user01@naver.com님이 msgsendlist.j 요청
17/03/17 16:48:11 INFO  - user01@naver.com님이 selectFriendList.n 요청
17/03/17 16:48:11 INFO  - user01@naver.com님이 selectFriendList.n 요청
17/03/17 16:48:13 INFO  - user01@naver.com님이 headmsglist.j 요청
17/03/17 16:48:13 INFO  - user01@naver.com님이 headmsglist.j 요청
17/03/17 16:48:13 INFO  - user01@naver.com님이 msgreadlist.j 요청
17/03/17 16:48:13 INFO  - user01@naver.com님이 msgreadlist.j 요청
17/03/17 16:48:14 INFO  - user01@naver.com님이 headmsglist.j 요청
17/03/17 16:48:14 INFO  - user01@naver.com님이 headmsglist.j 요청
17/03/17 16:48:19 INFO  - user01@naver.com님이 alink.do 요청
17/03/17 16:48:19 INFO  - user01@naver.com님이 alink.do 요청
17/03/17 16:48:27 INFO  - user01@naver.com님이 allmemberid.j 요청
17/03/17 16:48:27 INFO  - user01@naver.com님이 allmemberid.j 요청
17/03/17 16:50:06 INFO  - user01@naver.com님이 msgreadlist.j 요청
17/03/17 16:50:06 INFO  - user01@naver.com님이 msgreadlist.j 요청
17/03/17 16:50:09 INFO  - user01@naver.com님이 alink.do 요청
17/03/17 16:50:09 INFO  - user01@naver.com님이 alink.do 요청
17/03/17 16:50:11 INFO  - user01@naver.com님이 msgsendlist.j 요청
17/03/17 16:50:11 INFO  - user01@naver.com님이 msgsendlist.j 요청
17/03/17 16:50:24 INFO  - user01@naver.com님이 msgreadlist.j 요청
17/03/17 16:50:24 INFO  - user01@naver.com님이 msgreadlist.j 요청
17/03/17 16:51:59 INFO  - user01@naver.com님이 selectFriendList.n 요청
17/03/17 16:51:59 INFO  - user01@naver.com님이 selectFriendList.n 요청
17/03/17 16:52:00 INFO  - user01@naver.com님이 headmsglist.j 요청
17/03/17 16:52:00 INFO  - user01@naver.com님이 headmsglist.j 요청
17/03/17 16:52:01 INFO  - user01@naver.com님이 msgreadlist.j 요청
17/03/17 16:52:01 INFO  - user01@naver.com님이 msgreadlist.j 요청
17/03/17 16:52:01 INFO  - user01@naver.com님이 headmsglist.j 요청
17/03/17 16:52:01 INFO  - user01@naver.com님이 headmsglist.j 요청
17/03/17 16:52:04 INFO  - user01@naver.com님이 alink.do 요청
17/03/17 16:52:04 INFO  - user01@naver.com님이 alink.do 요청
17/03/17 16:52:13 INFO  - user01@naver.com님이 allmemberid.j 요청
17/03/17 16:52:13 INFO  - user01@naver.com님이 allmemberid.j 요청
17/03/17 16:54:09 INFO  - user01@naver.com님이 selectFriendList.n 요청
17/03/17 16:54:09 INFO  - user01@naver.com님이 selectFriendList.n 요청
17/03/17 16:54:10 INFO  - user01@naver.com님이 headmsglist.j 요청
17/03/17 16:54:10 INFO  - user01@naver.com님이 headmsglist.j 요청
17/03/17 16:54:10 INFO  - user01@naver.com님이 msgreadlist.j 요청
17/03/17 16:54:10 INFO  - user01@naver.com님이 msgreadlist.j 요청
17/03/17 16:54:12 INFO  - user01@naver.com님이 alink.do 요청
17/03/17 16:54:12 INFO  - user01@naver.com님이 alink.do 요청
17/03/17 16:54:20 INFO  - user01@naver.com님이 allmemberid.j 요청
17/03/17 16:54:20 INFO  - user01@naver.com님이 allmemberid.j 요청
17/03/17 16:55:02 INFO  - user01@naver.com님이 alink.do 요청
17/03/17 16:55:02 INFO  - user01@naver.com님이 alink.do 요청
17/03/17 16:55:12 INFO  - user01@naver.com님이 alink.do 요청
17/03/17 16:55:12 INFO  - user01@naver.com님이 alink.do 요청
17/03/17 16:55:20 INFO  - user01@naver.com님이 allmemberid.j 요청
17/03/17 16:55:20 INFO  - user01@naver.com님이 allmemberid.j 요청
17/03/17 16:56:10 INFO  - user01@naver.com님이 selectFriendList.n 요청
17/03/17 16:56:10 INFO  - user01@naver.com님이 selectFriendList.n 요청
17/03/17 16:56:13 INFO  - user01@naver.com님이 headmsglist.j 요청
17/03/17 16:56:13 INFO  - user01@naver.com님이 headmsglist.j 요청
17/03/17 16:56:13 INFO  - user01@naver.com님이 msgreadlist.j 요청
17/03/17 16:56:13 INFO  - user01@naver.com님이 msgreadlist.j 요청
17/03/17 16:56:13 INFO  - user01@naver.com님이 headmsglist.j 요청
17/03/17 16:56:13 INFO  - user01@naver.com님이 headmsglist.j 요청
17/03/17 16:56:15 INFO  - user01@naver.com님이 alink.do 요청
17/03/17 16:56:15 INFO  - user01@naver.com님이 alink.do 요청
17/03/17 16:56:17 INFO  - user01@naver.com님이 autocomresiveid.j 요청
17/03/17 16:56:17 INFO  - user01@naver.com님이 autocomresiveid.j 요청
17/03/17 16:56:19 INFO  - user01@naver.com님이 autocomresiveid.j 요청
17/03/17 16:56:19 INFO  - user01@naver.com님이 autocomresiveid.j 요청
17/03/17 16:56:19 INFO  - user01@naver.com님이 autocomresiveid.j 요청
17/03/17 16:56:19 INFO  - user01@naver.com님이 autocomresiveid.j 요청
17/03/17 16:56:20 INFO  - user01@naver.com님이 autocomresiveid.j 요청
17/03/17 16:56:20 INFO  - user01@naver.com님이 autocomresiveid.j 요청
17/03/17 16:56:20 INFO  - user01@naver.com님이 autocomresiveid.j 요청
17/03/17 16:56:20 INFO  - user01@naver.com님이 autocomresiveid.j 요청
17/03/17 16:56:20 INFO  - user01@naver.com님이 autocomresiveid.j 요청
17/03/17 16:56:20 INFO  - user01@naver.com님이 autocomresiveid.j 요청
17/03/17 16:56:27 INFO  - user01@naver.com님이 allmemberid.j 요청
17/03/17 16:56:27 INFO  - user01@naver.com님이 allmemberid.j 요청
17/03/17 16:56:44 INFO  - user01@naver.com님이 allmemberid.j 요청
17/03/17 16:56:44 INFO  - user01@naver.com님이 allmemberid.j 요청
17/03/17 16:57:01 INFO  - user01@naver.com님이 alink.do 요청
17/03/17 16:57:01 INFO  - user01@naver.com님이 alink.do 요청
17/03/17 16:57:04 INFO  - user01@naver.com님이 alink.do 요청
17/03/17 16:57:04 INFO  - user01@naver.com님이 alink.do 요청
17/03/17 16:57:15 INFO  - user01@naver.com님이 allmemberid.j 요청
17/03/17 16:57:15 INFO  - user01@naver.com님이 allmemberid.j 요청
17/03/17 16:57:47 INFO  - user01@naver.com님이 allmemberid.j 요청
17/03/17 16:57:47 INFO  - user01@naver.com님이 allmemberid.j 요청
17/03/17 16:57:52 INFO  - user01@naver.com님이 alink.do 요청
17/03/17 16:57:52 INFO  - user01@naver.com님이 alink.do 요청
17/03/17 16:58:01 INFO  - user01@naver.com님이 allmemberid.j 요청
17/03/17 16:58:01 INFO  - user01@naver.com님이 allmemberid.j 요청
17/03/17 16:58:25 INFO  - user01@naver.com님이 alink.do 요청
17/03/17 16:58:25 INFO  - user01@naver.com님이 alink.do 요청
17/03/17 16:58:37 INFO  - user01@naver.com님이 selectFriendList.n 요청
17/03/17 16:58:37 INFO  - user01@naver.com님이 selectFriendList.n 요청
17/03/17 16:58:37 INFO  - user01@naver.com님이 headmsglist.j 요청
17/03/17 16:58:37 INFO  - user01@naver.com님이 headmsglist.j 요청
17/03/17 16:58:38 INFO  - user01@naver.com님이 msgreadlist.j 요청
17/03/17 16:58:38 INFO  - user01@naver.com님이 msgreadlist.j 요청
17/03/17 16:58:39 INFO  - user01@naver.com님이 alink.do 요청
17/03/17 16:58:39 INFO  - user01@naver.com님이 alink.do 요청
17/03/17 16:58:45 INFO  - user01@naver.com님이 allmemberid.j 요청
17/03/17 16:58:45 INFO  - user01@naver.com님이 allmemberid.j 요청
17/03/17 16:58:57 INFO  - user01@naver.com님이 allmemberid.j 요청
17/03/17 16:58:57 INFO  - user01@naver.com님이 allmemberid.j 요청
17/03/17 16:59:01 INFO  - user01@naver.com님이 allmemberid.j 요청
17/03/17 16:59:01 INFO  - user01@naver.com님이 allmemberid.j 요청
17/03/17 16:59:04 INFO  - user01@naver.com님이 allmemberid.j 요청
17/03/17 16:59:04 INFO  - user01@naver.com님이 allmemberid.j 요청
17/03/17 16:59:04 INFO  - user01@naver.com님이 allmemberid.j 요청
17/03/17 16:59:04 INFO  - user01@naver.com님이 allmemberid.j 요청
17/03/17 16:59:04 INFO  - user01@naver.com님이 allmemberid.j 요청
17/03/17 16:59:04 INFO  - user01@naver.com님이 allmemberid.j 요청
17/03/17 16:59:04 INFO  - user01@naver.com님이 allmemberid.j 요청
17/03/17 16:59:04 INFO  - user01@naver.com님이 allmemberid.j 요청
17/03/17 16:59:05 INFO  - user01@naver.com님이 allmemberid.j 요청
17/03/17 16:59:05 INFO  - user01@naver.com님이 allmemberid.j 요청
17/03/17 16:59:05 INFO  - user01@naver.com님이 allmemberid.j 요청
17/03/17 16:59:05 INFO  - user01@naver.com님이 allmemberid.j 요청
17/03/17 16:59:05 INFO  - user01@naver.com님이 allmemberid.j 요청
17/03/17 16:59:05 INFO  - user01@naver.com님이 allmemberid.j 요청
17/03/17 16:59:05 INFO  - user01@naver.com님이 allmemberid.j 요청
17/03/17 16:59:05 INFO  - user01@naver.com님이 allmemberid.j 요청
17/03/17 16:59:05 INFO  - user01@naver.com님이 allmemberid.j 요청
17/03/17 16:59:05 INFO  - user01@naver.com님이 allmemberid.j 요청
17/03/17 16:59:05 INFO  - user01@naver.com님이 allmemberid.j 요청
17/03/17 16:59:05 INFO  - user01@naver.com님이 allmemberid.j 요청
17/03/17 16:59:05 INFO  - user01@naver.com님이 allmemberid.j 요청
17/03/17 16:59:05 INFO  - user01@naver.com님이 allmemberid.j 요청
17/03/17 16:59:06 INFO  - user01@naver.com님이 allmemberid.j 요청
17/03/17 16:59:06 INFO  - user01@naver.com님이 allmemberid.j 요청
17/03/17 16:59:06 INFO  - user01@naver.com님이 allmemberid.j 요청
17/03/17 16:59:06 INFO  - user01@naver.com님이 allmemberid.j 요청
17/03/17 16:59:06 INFO  - user01@naver.com님이 allmemberid.j 요청
17/03/17 16:59:06 INFO  - user01@naver.com님이 allmemberid.j 요청
17/03/17 16:59:06 INFO  - user01@naver.com님이 allmemberid.j 요청
17/03/17 16:59:06 INFO  - user01@naver.com님이 allmemberid.j 요청
17/03/17 16:59:06 INFO  - user01@naver.com님이 allmemberid.j 요청
17/03/17 16:59:06 INFO  - user01@naver.com님이 allmemberid.j 요청
17/03/17 16:59:06 INFO  - user01@naver.com님이 allmemberid.j 요청
17/03/17 16:59:06 INFO  - user01@naver.com님이 allmemberid.j 요청
17/03/17 16:59:07 INFO  - user01@naver.com님이 allmemberid.j 요청
17/03/17 16:59:07 INFO  - user01@naver.com님이 allmemberid.j 요청
17/03/17 16:59:07 INFO  - user01@naver.com님이 allmemberid.j 요청
17/03/17 16:59:07 INFO  - user01@naver.com님이 allmemberid.j 요청
17/03/17 16:59:07 INFO  - user01@naver.com님이 allmemberid.j 요청
17/03/17 16:59:07 INFO  - user01@naver.com님이 allmemberid.j 요청
17/03/17 16:59:07 INFO  - user01@naver.com님이 allmemberid.j 요청
17/03/17 16:59:07 INFO  - user01@naver.com님이 allmemberid.j 요청
17/03/17 16:59:07 INFO  - user01@naver.com님이 allmemberid.j 요청
17/03/17 16:59:07 INFO  - user01@naver.com님이 allmemberid.j 요청
17/03/17 16:59:07 INFO  - user01@naver.com님이 allmemberid.j 요청
17/03/17 16:59:07 INFO  - user01@naver.com님이 allmemberid.j 요청
17/03/17 16:59:07 INFO  - user01@naver.com님이 allmemberid.j 요청
17/03/17 16:59:07 INFO  - user01@naver.com님이 allmemberid.j 요청
17/03/17 16:59:08 INFO  - user01@naver.com님이 allmemberid.j 요청
17/03/17 16:59:08 INFO  - user01@naver.com님이 allmemberid.j 요청
17/03/17 16:59:08 INFO  - user01@naver.com님이 allmemberid.j 요청
17/03/17 16:59:08 INFO  - user01@naver.com님이 allmemberid.j 요청
17/03/17 16:59:08 INFO  - user01@naver.com님이 allmemberid.j 요청
17/03/17 16:59:08 INFO  - user01@naver.com님이 allmemberid.j 요청
17/03/17 16:59:09 INFO  - user01@naver.com님이 allmemberid.j 요청
17/03/17 16:59:09 INFO  - user01@naver.com님이 allmemberid.j 요청
17/03/17 16:59:09 INFO  - user01@naver.com님이 allmemberid.j 요청
17/03/17 16:59:09 INFO  - user01@naver.com님이 allmemberid.j 요청
17/03/17 16:59:10 INFO  - user01@naver.com님이 allmemberid.j 요청
17/03/17 16:59:10 INFO  - user01@naver.com님이 allmemberid.j 요청
17/03/17 16:59:10 INFO  - user01@naver.com님이 allmemberid.j 요청
17/03/17 16:59:10 INFO  - user01@naver.com님이 allmemberid.j 요청
17/03/17 16:59:11 INFO  - user01@naver.com님이 allmemberid.j 요청
17/03/17 16:59:11 INFO  - user01@naver.com님이 allmemberid.j 요청
17/03/17 16:59:42 INFO  - user01@naver.com님이 allmemberid.j 요청
17/03/17 16:59:42 INFO  - user01@naver.com님이 allmemberid.j 요청
17/03/17 17:00:11 INFO  - user01@naver.com님이 alink.do 요청
17/03/17 17:00:11 INFO  - user01@naver.com님이 alink.do 요청
17/03/17 17:00:33 INFO  - user01@naver.com님이 selectFriendList.n 요청
17/03/17 17:00:33 INFO  - user01@naver.com님이 selectFriendList.n 요청
17/03/17 17:00:42 INFO  - user01@naver.com님이 headmsglist.j 요청
17/03/17 17:00:42 INFO  - user01@naver.com님이 headmsglist.j 요청
17/03/17 17:00:42 INFO  - user01@naver.com님이 msgreadlist.j 요청
17/03/17 17:00:42 INFO  - user01@naver.com님이 msgreadlist.j 요청
17/03/17 17:00:42 INFO  - user01@naver.com님이 headmsglist.j 요청
17/03/17 17:00:42 INFO  - user01@naver.com님이 headmsglist.j 요청
17/03/17 17:00:53 INFO  - user01@naver.com님이 alink.do 요청
17/03/17 17:00:53 INFO  - user01@naver.com님이 alink.do 요청
17/03/17 17:01:00 INFO  - user01@naver.com님이 allmemberid.j 요청
17/03/17 17:01:00 INFO  - user01@naver.com님이 allmemberid.j 요청
17/03/17 17:01:00 INFO  - user01@naver.com님이 msgsead.j 요청
17/03/17 17:01:00 INFO  - user01@naver.com님이 msgsead.j 요청
17/03/17 17:01:00 INFO  - user01@naver.com님이 msgsendlist.j 요청
17/03/17 17:01:00 INFO  - user01@naver.com님이 msgsendlist.j 요청
17/03/17 17:36:16 INFO  - user01@naver.com님이 selectFriendList.n 요청
17/03/17 17:36:16 INFO  - user01@naver.com님이 selectFriendList.n 요청
17/03/17 17:36:17 INFO  - user01@naver.com님이 headmsglist.j 요청
17/03/17 17:36:17 INFO  - user01@naver.com님이 headmsglist.j 요청
17/03/17 17:36:17 INFO  - user01@naver.com님이 headmsglist.j 요청
17/03/17 17:36:17 INFO  - user01@naver.com님이 headmsglist.j 요청
17/03/17 17:36:20 INFO  - user01@naver.com님이 headmsglist.j 요청
17/03/17 17:36:20 INFO  - user01@naver.com님이 headmsglist.j 요청
17/03/17 17:36:22 INFO  - user01@naver.com님이 headmsglist.j 요청
17/03/17 17:36:22 INFO  - user01@naver.com님이 headmsglist.j 요청
17/03/17 17:36:22 INFO  - user01@naver.com님이 headmsglist.j 요청
17/03/17 17:36:22 INFO  - user01@naver.com님이 headmsglist.j 요청
17/03/17 17:36:23 INFO  - user01@naver.com님이 headmsglist.j 요청
17/03/17 17:36:23 INFO  - user01@naver.com님이 headmsglist.j 요청
17/03/17 17:36:24 INFO  - user01@naver.com님이 headmsglist.j 요청
17/03/17 17:36:24 INFO  - user01@naver.com님이 headmsglist.j 요청
17/03/17 17:36:36 INFO  - user01@naver.com님이 headmsglist.j 요청
17/03/17 17:36:36 INFO  - user01@naver.com님이 headmsglist.j 요청
17/03/17 17:36:36 INFO  - user01@naver.com님이 msgreadlist.j 요청
17/03/17 17:36:36 INFO  - user01@naver.com님이 msgreadlist.j 요청
17/03/17 17:36:37 INFO  - user01@naver.com님이 headmsglist.j 요청
17/03/17 17:36:37 INFO  - user01@naver.com님이 headmsglist.j 요청
17/03/17 17:36:39 INFO  - user01@naver.com님이 alink.do 요청
17/03/17 17:36:39 INFO  - user01@naver.com님이 alink.do 요청
17/03/17 17:36:44 INFO  - user01@naver.com님이 allmemberid.j 요청
17/03/17 17:36:44 INFO  - user01@naver.com님이 allmemberid.j 요청
17/03/17 17:36:44 INFO  - user01@naver.com님이 msgsead.j 요청
17/03/17 17:36:44 INFO  - user01@naver.com님이 msgsead.j 요청
17/03/17 17:36:44 INFO  - user01@naver.com님이 msgsendlist.j 요청
17/03/17 17:36:44 INFO  - user01@naver.com님이 msgsendlist.j 요청
17/03/17 17:36:47 INFO  - user01@naver.com님이 alink.do 요청
17/03/17 17:36:47 INFO  - user01@naver.com님이 alink.do 요청
17/03/17 17:36:55 INFO  - user01@naver.com님이 allmemberid.j 요청
17/03/17 17:36:55 INFO  - user01@naver.com님이 allmemberid.j 요청
17/03/17 17:37:29 INFO  - user01@naver.com님이 alink.do 요청
17/03/17 17:37:29 INFO  - user01@naver.com님이 alink.do 요청
17/03/17 17:37:29 INFO  - user01@naver.com님이 selectFriendList.n 요청
17/03/17 17:37:29 INFO  - user01@naver.com님이 selectFriendList.n 요청
17/03/17 17:37:51 INFO  - user01@naver.com님이 alink.do 요청
17/03/17 17:37:51 INFO  - user01@naver.com님이 alink.do 요청
17/03/17 17:37:52 INFO  - user01@naver.com님이 selectFriendList.n 요청
17/03/17 17:37:52 INFO  - user01@naver.com님이 selectFriendList.n 요청
17/03/17 17:46:08 INFO  - user01@naver.com님이 alink.do 요청
17/03/17 17:46:08 INFO  - user01@naver.com님이 alink.do 요청
17/03/17 17:46:09 INFO  - user01@naver.com님이 selectFriendList.n 요청
17/03/17 17:46:09 INFO  - user01@naver.com님이 selectFriendList.n 요청
17/03/17 17:46:28 INFO  - user01@naver.com님이 alink.do 요청
17/03/17 17:46:28 INFO  - user01@naver.com님이 alink.do 요청
17/03/17 17:46:29 INFO  - user01@naver.com님이 selectFriendList.n 요청
17/03/17 17:46:29 INFO  - user01@naver.com님이 selectFriendList.n 요청
17/03/17 17:46:31 INFO  - user01@naver.com님이 alink.do 요청
17/03/17 17:46:31 INFO  - user01@naver.com님이 alink.do 요청
17/03/17 17:46:31 INFO  - user01@naver.com님이 selectFriendList.n 요청
17/03/17 17:46:31 INFO  - user01@naver.com님이 selectFriendList.n 요청
17/03/17 17:46:32 INFO  - user01@naver.com님이 brodcasting.j 요청
17/03/17 17:46:32 INFO  - user01@naver.com님이 brodcasting.j 요청
17/03/17 17:52:30 INFO  - user01@naver.com님이 headmsglist.j 요청
17/03/17 17:52:30 INFO  - user01@naver.com님이 headmsglist.j 요청
17/03/17 17:52:37 INFO  - user01@naver.com님이 headmsglist.j 요청
17/03/17 17:52:37 INFO  - user01@naver.com님이 headmsglist.j 요청
17/03/17 17:55:57 INFO  - user01@naver.com님이 selectFriendList.n 요청
17/03/17 17:55:57 INFO  - user01@naver.com님이 selectFriendList.n 요청
17/03/17 17:56:00 INFO  - user01@naver.com님이 headmsglist.j 요청
17/03/17 17:56:00 INFO  - user01@naver.com님이 headmsglist.j 요청
17/03/17 17:56:01 INFO  - user01@naver.com님이 msgreadlist.j 요청
17/03/17 17:56:01 INFO  - user01@naver.com님이 msgreadlist.j 요청
17/03/17 17:56:03 INFO  - user01@naver.com님이 alink.do 요청
17/03/17 17:56:03 INFO  - user01@naver.com님이 alink.do 요청
17/03/17 17:56:14 INFO  - user01@naver.com님이 allmemberid.j 요청
17/03/17 17:56:14 INFO  - user01@naver.com님이 allmemberid.j 요청
17/03/17 18:01:08 INFO  - user01@naver.com님이 selectFriendList.n 요청
17/03/17 18:01:08 INFO  - user01@naver.com님이 selectFriendList.n 요청
17/03/17 18:01:09 INFO  - user01@naver.com님이 headmsglist.j 요청
17/03/17 18:01:09 INFO  - user01@naver.com님이 headmsglist.j 요청
17/03/17 18:01:13 INFO  - user01@naver.com님이 headmsglist.j 요청
17/03/17 18:01:13 INFO  - user01@naver.com님이 headmsglist.j 요청
17/03/17 18:01:13 INFO  - user01@naver.com님이 msgreadlist.j 요청
17/03/17 18:01:13 INFO  - user01@naver.com님이 msgreadlist.j 요청
17/03/17 18:01:15 INFO  - user01@naver.com님이 alink.do 요청
17/03/17 18:01:15 INFO  - user01@naver.com님이 alink.do 요청
17/03/17 18:01:20 INFO  - user01@naver.com님이 allmemberid.j 요청
17/03/17 18:01:20 INFO  - user01@naver.com님이 allmemberid.j 요청
17/03/17 18:58:50 INFO  - user01@naver.com님이 selectFriendList.n 요청
17/03/17 18:58:50 INFO  - user01@naver.com님이 selectFriendList.n 요청
17/03/17 18:58:50 INFO  - user01@naver.com님이 headmsglist.j 요청
17/03/17 18:58:50 INFO  - user01@naver.com님이 headmsglist.j 요청
17/03/17 18:58:51 INFO  - user01@naver.com님이 msgreadlist.j 요청
17/03/17 18:58:51 INFO  - user01@naver.com님이 msgreadlist.j 요청
17/03/17 19:01:00 INFO  - user01@naver.com님이 msgreadlist.j 요청
17/03/17 19:01:00 INFO  - user01@naver.com님이 msgreadlist.j 요청
17/03/17 19:01:06 INFO  - user01@naver.com님이 msgreadlist.j 요청
17/03/17 19:01:06 INFO  - user01@naver.com님이 msgreadlist.j 요청
17/03/17 19:01:08 INFO  - user01@naver.com님이 msgreadlist.j 요청
17/03/17 19:01:08 INFO  - user01@naver.com님이 msgreadlist.j 요청
17/03/17 19:01:28 INFO  - user01@naver.com님이 msgreadlist.j 요청
17/03/17 19:01:28 INFO  - user01@naver.com님이 msgreadlist.j 요청
17/03/17 19:03:48 INFO  - user01@naver.com님이 msgreadlist.j 요청
17/03/17 19:03:48 INFO  - user01@naver.com님이 msgreadlist.j 요청
17/03/17 19:04:01 INFO  - user01@naver.com님이 msgreadlist.j 요청
17/03/17 19:04:01 INFO  - user01@naver.com님이 msgreadlist.j 요청
17/03/17 19:04:03 INFO  - user01@naver.com님이 msgreadlist.j 요청
17/03/17 19:04:03 INFO  - user01@naver.com님이 msgreadlist.j 요청
17/03/17 19:04:05 INFO  - user01@naver.com님이 msgreadlist.j 요청
17/03/17 19:04:05 INFO  - user01@naver.com님이 msgreadlist.j 요청
17/03/17 19:04:25 INFO  - user01@naver.com님이 msgreadlist.j 요청
17/03/17 19:04:25 INFO  - user01@naver.com님이 msgreadlist.j 요청
17/03/17 19:05:25 INFO  - user01@naver.com님이 msgreadlist.j 요청
17/03/17 19:05:25 INFO  - user01@naver.com님이 msgreadlist.j 요청
17/03/17 19:05:56 INFO  - user01@naver.com님이 msgreadlist.j 요청
17/03/17 19:05:56 INFO  - user01@naver.com님이 msgreadlist.j 요청
17/03/17 19:05:59 INFO  - user01@naver.com님이 msgreadlist.j 요청
17/03/17 19:05:59 INFO  - user01@naver.com님이 msgreadlist.j 요청
17/03/17 19:05:59 INFO  - user01@naver.com님이 msgreadlist.j 요청
17/03/17 19:05:59 INFO  - user01@naver.com님이 msgreadlist.j 요청
17/03/17 19:06:14 INFO  - user01@naver.com님이 headmsglist.j 요청
17/03/17 19:06:14 INFO  - user01@naver.com님이 headmsglist.j 요청
17/03/17 19:06:16 INFO  - user01@naver.com님이 alink.do 요청
17/03/17 19:06:16 INFO  - user01@naver.com님이 alink.do 요청
17/03/17 19:06:16 INFO  - user01@naver.com님이 selectFriendList.n 요청
17/03/17 19:06:16 INFO  - user01@naver.com님이 selectFriendList.n 요청
17/03/17 19:06:19 INFO  - user01@naver.com님이 headmsglist.j 요청
17/03/17 19:06:19 INFO  - user01@naver.com님이 headmsglist.j 요청
17/03/17 19:06:35 INFO  - user01@naver.com님이 alink.do 요청
17/03/17 19:06:35 INFO  - user01@naver.com님이 alink.do 요청
17/03/17 19:06:35 INFO  - user01@naver.com님이 selectFriendList.n 요청
17/03/17 19:06:35 INFO  - user01@naver.com님이 selectFriendList.n 요청
17/03/17 19:06:36 INFO  - user01@naver.com님이 headmsglist.j 요청
17/03/17 19:06:36 INFO  - user01@naver.com님이 headmsglist.j 요청
17/03/17 19:06:36 INFO  - user01@naver.com님이 msgreadlist.j 요청
17/03/17 19:06:36 INFO  - user01@naver.com님이 msgreadlist.j 요청
17/03/17 19:07:32 INFO  - user01@naver.com님이 msgreadlist.j 요청
17/03/17 19:07:32 INFO  - user01@naver.com님이 msgreadlist.j 요청
17/03/17 19:07:35 INFO  - user01@naver.com님이 msgreadlist.j 요청
17/03/17 19:07:35 INFO  - user01@naver.com님이 msgreadlist.j 요청
17/03/17 19:08:00 INFO  - user01@naver.com님이 msgreadlist.j 요청
17/03/17 19:08:00 INFO  - user01@naver.com님이 msgreadlist.j 요청
17/03/17 19:08:02 INFO  - user01@naver.com님이 msgreadlist.j 요청
17/03/17 19:08:02 INFO  - user01@naver.com님이 msgreadlist.j 요청
17/03/17 19:08:02 INFO  - user01@naver.com님이 msgreadlist.j 요청
17/03/17 19:08:02 INFO  - user01@naver.com님이 msgreadlist.j 요청
17/03/17 19:08:05 INFO  - user01@naver.com님이 msgreadlist.j 요청
17/03/17 19:08:05 INFO  - user01@naver.com님이 msgreadlist.j 요청
17/03/17 19:09:32 INFO  - user01@naver.com님이 msgreadlist.j 요청
17/03/17 19:09:32 INFO  - user01@naver.com님이 msgreadlist.j 요청
17/03/17 19:09:34 INFO  - user01@naver.com님이 msgreadlist.j 요청
17/03/17 19:09:34 INFO  - user01@naver.com님이 msgreadlist.j 요청
17/03/17 19:09:50 INFO  - user01@naver.com님이 msgreadlist.j 요청
17/03/17 19:09:50 INFO  - user01@naver.com님이 msgreadlist.j 요청
17/03/17 19:09:53 INFO  - user01@naver.com님이 msgreadlist.j 요청
17/03/17 19:09:53 INFO  - user01@naver.com님이 msgreadlist.j 요청
17/03/17 19:10:31 INFO  - user01@naver.com님이 msgreadlist.j 요청
17/03/17 19:10:31 INFO  - user01@naver.com님이 msgreadlist.j 요청
17/03/17 19:11:06 INFO  - user01@naver.com님이 msgreadlist.j 요청
17/03/17 19:11:06 INFO  - user01@naver.com님이 msgreadlist.j 요청
17/03/17 19:11:09 INFO  - user01@naver.com님이 msgreadlist.j 요청
17/03/17 19:11:09 INFO  - user01@naver.com님이 msgreadlist.j 요청
17/03/17 19:11:10 INFO  - user01@naver.com님이 msgreadlist.j 요청
17/03/17 19:11:10 INFO  - user01@naver.com님이 msgreadlist.j 요청
17/03/17 19:11:23 INFO  - user01@naver.com님이 msgreadlist.j 요청
17/03/17 19:11:23 INFO  - user01@naver.com님이 msgreadlist.j 요청
17/03/17 19:11:25 INFO  - user01@naver.com님이 msgreadlist.j 요청
17/03/17 19:11:25 INFO  - user01@naver.com님이 msgreadlist.j 요청
17/03/17 19:11:35 INFO  - user01@naver.com님이 msgreadlist.j 요청
17/03/17 19:11:35 INFO  - user01@naver.com님이 msgreadlist.j 요청
17/03/17 19:12:08 INFO  - user01@naver.com님이 msgreadlist.j 요청
17/03/17 19:12:08 INFO  - user01@naver.com님이 msgreadlist.j 요청
17/03/17 19:12:16 INFO  - user01@naver.com님이 msgreadlist.j 요청
17/03/17 19:12:16 INFO  - user01@naver.com님이 msgreadlist.j 요청
17/03/17 19:12:17 INFO  - user01@naver.com님이 msgreadlist.j 요청
17/03/17 19:12:17 INFO  - user01@naver.com님이 msgreadlist.j 요청
17/03/17 19:12:19 INFO  - user01@naver.com님이 msgreadlist.j 요청
17/03/17 19:12:19 INFO  - user01@naver.com님이 msgreadlist.j 요청
17/03/17 19:12:20 INFO  - user01@naver.com님이 msgreadlist.j 요청
17/03/17 19:12:20 INFO  - user01@naver.com님이 msgreadlist.j 요청
17/03/17 19:12:48 INFO  - user01@naver.com님이 msgreadlist.j 요청
17/03/17 19:12:48 INFO  - user01@naver.com님이 msgreadlist.j 요청
17/03/17 19:12:51 INFO  - user01@naver.com님이 msgreadlist.j 요청
17/03/17 19:12:51 INFO  - user01@naver.com님이 msgreadlist.j 요청
17/03/17 19:12:52 INFO  - user01@naver.com님이 msgreadlist.j 요청
17/03/17 19:12:52 INFO  - user01@naver.com님이 msgreadlist.j 요청
17/03/17 19:13:02 INFO  - user01@naver.com님이 msgreadlist.j 요청
17/03/17 19:13:02 INFO  - user01@naver.com님이 msgreadlist.j 요청
17/03/17 19:13:05 INFO  - user01@naver.com님이 msgreadlist.j 요청
17/03/17 19:13:05 INFO  - user01@naver.com님이 msgreadlist.j 요청
17/03/17 19:13:06 INFO  - user01@naver.com님이 msgreadlist.j 요청
17/03/17 19:13:06 INFO  - user01@naver.com님이 msgreadlist.j 요청
17/03/17 19:13:06 INFO  - user01@naver.com님이 msgreadlist.j 요청
17/03/17 19:13:06 INFO  - user01@naver.com님이 msgreadlist.j 요청
17/03/17 19:13:06 INFO  - user01@naver.com님이 msgreadlist.j 요청
17/03/17 19:13:06 INFO  - user01@naver.com님이 msgreadlist.j 요청
17/03/17 19:13:09 INFO  - user01@naver.com님이 msgreadlist.j 요청
17/03/17 19:13:09 INFO  - user01@naver.com님이 msgreadlist.j 요청
17/03/17 19:14:00 INFO  - user01@naver.com님이 headmsglist.j 요청
17/03/17 19:14:00 INFO  - user01@naver.com님이 headmsglist.j 요청
17/03/17 19:14:00 INFO  - user01@naver.com님이 selectFriendList.n 요청
17/03/17 19:14:00 INFO  - user01@naver.com님이 selectFriendList.n 요청
17/03/17 19:14:00 INFO  - user01@naver.com님이 msgreadlist.j 요청
17/03/17 19:14:00 INFO  - user01@naver.com님이 msgreadlist.j 요청
17/03/17 19:14:19 INFO  - user01@naver.com님이 msgreadlist.j 요청
17/03/17 19:14:19 INFO  - user01@naver.com님이 msgreadlist.j 요청
17/03/17 19:14:41 INFO  - user01@naver.com님이 msgreadlist.j 요청
17/03/17 19:14:41 INFO  - user01@naver.com님이 msgreadlist.j 요청
17/03/17 19:14:44 INFO  - user01@naver.com님이 msgreadlist.j 요청
17/03/17 19:14:44 INFO  - user01@naver.com님이 msgreadlist.j 요청
17/03/17 19:14:45 INFO  - user01@naver.com님이 msgreadlist.j 요청
17/03/17 19:14:45 INFO  - user01@naver.com님이 msgreadlist.j 요청
17/03/17 19:14:54 INFO  - user01@naver.com님이 msgreadlist.j 요청
17/03/17 19:14:54 INFO  - user01@naver.com님이 msgreadlist.j 요청
17/03/17 19:15:22 INFO  - user01@naver.com님이 msgreadlist.j 요청
17/03/17 19:15:22 INFO  - user01@naver.com님이 msgreadlist.j 요청
17/03/17 19:15:47 INFO  - user01@naver.com님이 msgreadlist.j 요청
17/03/17 19:15:47 INFO  - user01@naver.com님이 msgreadlist.j 요청
17/03/17 19:16:07 INFO  - user01@naver.com님이 msgreadlist.j 요청
17/03/17 19:16:07 INFO  - user01@naver.com님이 msgreadlist.j 요청
17/03/17 19:16:09 INFO  - user01@naver.com님이 msgreadlist.j 요청
17/03/17 19:16:09 INFO  - user01@naver.com님이 msgreadlist.j 요청
17/03/17 19:16:20 INFO  - user01@naver.com님이 msgreadlist.j 요청
17/03/17 19:16:20 INFO  - user01@naver.com님이 msgreadlist.j 요청
17/03/17 19:16:48 INFO  - user01@naver.com님이 msgreadlist.j 요청
17/03/17 19:16:48 INFO  - user01@naver.com님이 msgreadlist.j 요청
17/03/17 19:17:11 INFO  - user01@naver.com님이 msgreadlist.j 요청
17/03/17 19:17:11 INFO  - user01@naver.com님이 msgreadlist.j 요청
17/03/17 19:18:51 INFO  - user01@naver.com님이 msgreadlist.j 요청
17/03/17 19:18:51 INFO  - user01@naver.com님이 msgreadlist.j 요청
17/03/17 19:18:57 INFO  - user01@naver.com님이 msgreadlist.j 요청
17/03/17 19:18:57 INFO  - user01@naver.com님이 msgreadlist.j 요청
17/03/17 19:19:19 INFO  - user01@naver.com님이 msgreadlist.j 요청
17/03/17 19:19:19 INFO  - user01@naver.com님이 msgreadlist.j 요청
17/03/17 19:19:21 INFO  - user01@naver.com님이 msgreadlist.j 요청
17/03/17 19:19:21 INFO  - user01@naver.com님이 msgreadlist.j 요청
17/03/17 19:19:26 INFO  - user01@naver.com님이 msgreadlist.j 요청
17/03/17 19:19:26 INFO  - user01@naver.com님이 msgreadlist.j 요청
17/03/17 19:20:30 INFO  - user01@naver.com님이 msgreadlist.j 요청
17/03/17 19:20:30 INFO  - user01@naver.com님이 msgreadlist.j 요청
17/03/17 19:20:34 INFO  - user01@naver.com님이 msgreadlist.j 요청
17/03/17 19:20:34 INFO  - user01@naver.com님이 msgreadlist.j 요청
17/03/17 19:20:35 INFO  - user01@naver.com님이 msgreadlist.j 요청
17/03/17 19:20:35 INFO  - user01@naver.com님이 msgreadlist.j 요청
17/03/17 19:20:35 INFO  - user01@naver.com님이 msgreadlist.j 요청
17/03/17 19:20:35 INFO  - user01@naver.com님이 msgreadlist.j 요청
17/03/17 19:20:51 INFO  - user01@naver.com님이 msgreadlist.j 요청
17/03/17 19:20:51 INFO  - user01@naver.com님이 msgreadlist.j 요청
17/03/17 19:21:13 INFO  - user01@naver.com님이 msgreadlist.j 요청
17/03/17 19:21:13 INFO  - user01@naver.com님이 msgreadlist.j 요청
17/03/17 19:21:29 INFO  - user01@naver.com님이 msgreadlist.j 요청
17/03/17 19:21:29 INFO  - user01@naver.com님이 msgreadlist.j 요청
17/03/17 19:21:32 INFO  - user01@naver.com님이 msgreadlist.j 요청
17/03/17 19:21:32 INFO  - user01@naver.com님이 msgreadlist.j 요청
17/03/17 19:21:32 INFO  - user01@naver.com님이 msgreadlist.j 요청
17/03/17 19:21:32 INFO  - user01@naver.com님이 msgreadlist.j 요청
17/03/17 19:21:45 INFO  - user01@naver.com님이 msgreadlist.j 요청
17/03/17 19:21:45 INFO  - user01@naver.com님이 msgreadlist.j 요청
17/03/17 19:21:48 INFO  - user01@naver.com님이 msgreadlist.j 요청
17/03/17 19:21:48 INFO  - user01@naver.com님이 msgreadlist.j 요청
17/03/17 19:21:53 INFO  - user01@naver.com님이 msgreadlist.j 요청
17/03/17 19:21:53 INFO  - user01@naver.com님이 msgreadlist.j 요청
17/03/17 19:22:51 INFO  - user01@naver.com님이 msgreadlist.j 요청
17/03/17 19:22:51 INFO  - user01@naver.com님이 msgreadlist.j 요청
17/03/17 19:22:53 INFO  - user01@naver.com님이 msgreadlist.j 요청
17/03/17 19:22:53 INFO  - user01@naver.com님이 msgreadlist.j 요청
17/03/17 19:23:22 INFO  - user01@naver.com님이 msgreadlist.j 요청
17/03/17 19:23:22 INFO  - user01@naver.com님이 msgreadlist.j 요청
17/03/17 19:27:40 INFO  - user01@naver.com님이 selectFriendList.n 요청
17/03/17 19:27:40 INFO  - user01@naver.com님이 selectFriendList.n 요청
17/03/17 19:27:41 INFO  - user01@naver.com님이 alink.do 요청
17/03/17 19:27:41 INFO  - user01@naver.com님이 alink.do 요청
17/03/17 19:27:46 INFO  - user01@naver.com님이 alink.do 요청
17/03/17 19:27:46 INFO  - user01@naver.com님이 alink.do 요청
17/03/17 19:32:27 INFO  - user01@naver.com님이 msgreadlist.j 요청
17/03/17 19:32:27 INFO  - user01@naver.com님이 msgreadlist.j 요청
17/03/17 19:32:31 INFO  - user01@naver.com님이 alink.do 요청
17/03/17 19:32:31 INFO  - user01@naver.com님이 alink.do 요청
17/03/17 19:32:32 INFO  - user01@naver.com님이 msgsendlist.j 요청
17/03/17 19:32:32 INFO  - user01@naver.com님이 msgsendlist.j 요청
17/03/17 19:32:38 INFO  - user01@naver.com님이 msgspamlist.j 요청
17/03/17 19:32:38 INFO  - user01@naver.com님이 msgspamlist.j 요청
17/03/17 19:32:42 INFO  - user01@naver.com님이 msgreadlist.j 요청
17/03/17 19:32:42 INFO  - user01@naver.com님이 msgreadlist.j 요청
17/03/17 19:33:58 INFO  - user01@naver.com님이 msgreadlist.j 요청
17/03/17 19:33:58 INFO  - user01@naver.com님이 msgreadlist.j 요청
17/03/17 19:34:07 INFO  - user01@naver.com님이 msgsendlist.j 요청
17/03/17 19:34:07 INFO  - user01@naver.com님이 msgsendlist.j 요청
17/03/17 19:34:14 INFO  - user01@naver.com님이 alink.do 요청
17/03/17 19:34:14 INFO  - user01@naver.com님이 alink.do 요청
17/03/17 19:34:16 INFO  - user01@naver.com님이 msgreadlist.j 요청
17/03/17 19:34:16 INFO  - user01@naver.com님이 msgreadlist.j 요청
17/03/17 19:34:18 INFO  - user01@naver.com님이 msgsendlist.j 요청
17/03/17 19:34:18 INFO  - user01@naver.com님이 msgsendlist.j 요청
17/03/17 19:35:05 INFO  - user01@naver.com님이 msgsendlist.j 요청
17/03/17 19:35:05 INFO  - user01@naver.com님이 msgsendlist.j 요청
17/03/17 19:35:29 INFO  - user01@naver.com님이 selectFriendList.n 요청
17/03/17 19:35:29 INFO  - user01@naver.com님이 selectFriendList.n 요청
17/03/17 19:35:31 INFO  - user01@naver.com님이 headmsglist.j 요청
17/03/17 19:35:31 INFO  - user01@naver.com님이 headmsglist.j 요청
17/03/17 19:35:31 INFO  - user01@naver.com님이 msgreadlist.j 요청
17/03/17 19:35:31 INFO  - user01@naver.com님이 msgreadlist.j 요청
17/03/17 19:35:34 INFO  - user01@naver.com님이 alink.do 요청
17/03/17 19:35:34 INFO  - user01@naver.com님이 alink.do 요청
17/03/17 19:35:36 INFO  - user01@naver.com님이 msgsendlist.j 요청
17/03/17 19:35:36 INFO  - user01@naver.com님이 msgsendlist.j 요청
17/03/17 19:36:11 INFO  - user01@naver.com님이 msgsendlist.j 요청
17/03/17 19:36:11 INFO  - user01@naver.com님이 msgsendlist.j 요청
17/03/17 19:36:14 INFO  - user01@naver.com님이 msgsendlist.j 요청
17/03/17 19:36:14 INFO  - user01@naver.com님이 msgsendlist.j 요청
17/03/17 19:36:35 INFO  - user01@naver.com님이 msgsendlist.j 요청
17/03/17 19:36:35 INFO  - user01@naver.com님이 msgsendlist.j 요청
17/03/17 19:36:42 INFO  - user01@naver.com님이 msgspamlist.j 요청
17/03/17 19:36:42 INFO  - user01@naver.com님이 msgspamlist.j 요청
17/03/17 19:49:02 INFO  - user01@naver.com님이 msgspamlist.j 요청
17/03/17 19:49:02 INFO  - user01@naver.com님이 msgspamlist.j 요청
17/03/17 19:49:04 INFO  - user01@naver.com님이 msgreadlist.j 요청
17/03/17 19:49:04 INFO  - user01@naver.com님이 msgreadlist.j 요청
17/03/17 19:49:13 INFO  - user01@naver.com님이 msgreadlist.j 요청
17/03/17 19:49:13 INFO  - user01@naver.com님이 msgreadlist.j 요청
17/03/17 19:50:07 INFO  - user01@naver.com님이 msgreadlist.j 요청
17/03/17 19:50:07 INFO  - user01@naver.com님이 msgreadlist.j 요청
17/03/17 19:50:42 INFO  - user01@naver.com님이 msgreadlist.j 요청
17/03/17 19:50:42 INFO  - user01@naver.com님이 msgreadlist.j 요청
17/03/17 19:50:44 INFO  - user01@naver.com님이 msgreadlist.j 요청
17/03/17 19:50:44 INFO  - user01@naver.com님이 msgreadlist.j 요청
17/03/17 19:50:56 INFO  - user01@naver.com님이 msgreadlist.j 요청
17/03/17 19:50:56 INFO  - user01@naver.com님이 msgreadlist.j 요청
17/03/17 19:53:20 INFO  - user01@naver.com님이 msgreadlist.j 요청
17/03/17 19:53:20 INFO  - user01@naver.com님이 msgreadlist.j 요청
17/03/17 19:53:23 INFO  - user01@naver.com님이 msgreadlist.j 요청
17/03/17 19:53:23 INFO  - user01@naver.com님이 msgreadlist.j 요청
17/03/17 19:53:25 INFO  - user01@naver.com님이 msgreadlist.j 요청
17/03/17 19:53:25 INFO  - user01@naver.com님이 msgreadlist.j 요청
17/03/17 19:53:42 INFO  - user01@naver.com님이 msgreadlist.j 요청
17/03/17 19:53:42 INFO  - user01@naver.com님이 msgreadlist.j 요청
17/03/17 19:54:27 INFO  - user01@naver.com님이 msgreadlist.j 요청
17/03/17 19:54:27 INFO  - user01@naver.com님이 msgreadlist.j 요청
17/03/17 19:54:31 INFO  - user01@naver.com님이 msgreadlist.j 요청
17/03/17 19:54:31 INFO  - user01@naver.com님이 msgreadlist.j 요청
17/03/17 19:55:53 INFO  - user01@naver.com님이 msgreadlist.j 요청
17/03/17 19:55:53 INFO  - user01@naver.com님이 msgreadlist.j 요청
17/03/17 19:56:09 INFO  - user01@naver.com님이 msgreadlist.j 요청
17/03/17 19:56:09 INFO  - user01@naver.com님이 msgreadlist.j 요청
17/03/17 19:56:11 INFO  - user01@naver.com님이 msgreadlist.j 요청
17/03/17 19:56:11 INFO  - user01@naver.com님이 msgreadlist.j 요청
17/03/17 19:56:12 INFO  - user01@naver.com님이 msgreadlist.j 요청
17/03/17 19:56:12 INFO  - user01@naver.com님이 msgreadlist.j 요청
17/03/17 19:56:12 INFO  - user01@naver.com님이 msgreadlist.j 요청
17/03/17 19:56:12 INFO  - user01@naver.com님이 msgreadlist.j 요청
17/03/17 19:56:12 INFO  - user01@naver.com님이 msgreadlist.j 요청
17/03/17 19:56:12 INFO  - user01@naver.com님이 msgreadlist.j 요청
17/03/17 19:56:14 INFO  - user01@naver.com님이 msgreadlist.j 요청
17/03/17 19:56:14 INFO  - user01@naver.com님이 msgreadlist.j 요청
17/03/17 19:56:39 INFO  - user01@naver.com님이 selectFriendList.n 요청
17/03/17 19:56:39 INFO  - user01@naver.com님이 selectFriendList.n 요청
17/03/17 19:56:40 INFO  - user01@naver.com님이 headmsglist.j 요청
17/03/17 19:56:40 INFO  - user01@naver.com님이 headmsglist.j 요청
17/03/17 19:56:40 INFO  - user01@naver.com님이 msgreadlist.j 요청
17/03/17 19:56:40 INFO  - user01@naver.com님이 msgreadlist.j 요청
17/03/17 19:56:51 INFO  - user01@naver.com님이 msgreadlist.j 요청
17/03/17 19:56:51 INFO  - user01@naver.com님이 msgreadlist.j 요청
17/03/17 19:58:27 INFO  - user01@naver.com님이 msgreadlist.j 요청
17/03/17 19:58:27 INFO  - user01@naver.com님이 msgreadlist.j 요청
17/03/17 20:11:43 INFO  - user01@naver.com님이 selectFriendList.n 요청
17/03/17 20:11:43 INFO  - user01@naver.com님이 selectFriendList.n 요청
17/03/17 20:14:15 INFO  - user01@naver.com님이 headmsglist.j 요청
17/03/17 20:14:15 INFO  - user01@naver.com님이 headmsglist.j 요청
17/03/17 20:14:15 INFO  - user01@naver.com님이 msgreadlist.j 요청
17/03/17 20:14:15 INFO  - user01@naver.com님이 msgreadlist.j 요청
17/03/17 20:14:20 INFO  - user01@naver.com님이 headmsglist.j 요청
17/03/17 20:14:20 INFO  - user01@naver.com님이 headmsglist.j 요청
17/03/17 20:27:10 INFO  - user01@naver.com님이 selectFriendList.n 요청
17/03/17 20:27:10 INFO  - user01@naver.com님이 selectFriendList.n 요청
17/03/17 20:27:11 INFO  - user01@naver.com님이 headmsglist.j 요청
17/03/17 20:27:11 INFO  - user01@naver.com님이 headmsglist.j 요청
17/03/17 20:27:12 INFO  - user01@naver.com님이 msgreadlist.j 요청
17/03/17 20:27:12 INFO  - user01@naver.com님이 msgreadlist.j 요청
17/03/17 20:27:15 INFO  - user01@naver.com님이 headmsglist.j 요청
17/03/17 20:27:15 INFO  - user01@naver.com님이 headmsglist.j 요청
17/03/17 20:29:04 INFO  - user01@naver.com님이 msgreadlist.j 요청
17/03/17 20:29:04 INFO  - user01@naver.com님이 msgreadlist.j 요청
17/03/17 20:29:13 INFO  - user01@naver.com님이 alink.do 요청
17/03/17 20:29:13 INFO  - user01@naver.com님이 alink.do 요청
17/03/17 20:29:14 INFO  - user01@naver.com님이 selectFriendList.n 요청
17/03/17 20:29:14 INFO  - user01@naver.com님이 selectFriendList.n 요청
17/03/17 20:29:47 INFO  - user01@naver.com님이 headmsglist.j 요청
17/03/17 20:29:47 INFO  - user01@naver.com님이 headmsglist.j 요청
17/03/17 20:29:48 INFO  - user01@naver.com님이 headmsglist.j 요청
17/03/17 20:29:48 INFO  - user01@naver.com님이 headmsglist.j 요청
17/03/17 20:29:48 INFO  - user01@naver.com님이 msgreadlist.j 요청
17/03/17 20:29:48 INFO  - user01@naver.com님이 msgreadlist.j 요청
17/03/17 20:29:50 INFO  - user01@naver.com님이 msgbeforewrite.j 요청
17/03/17 20:29:50 INFO  - user01@naver.com님이 msgbeforewrite.j 요청
17/03/17 20:31:35 INFO  - user01@naver.com님이 msgreadlist.j 요청
17/03/17 20:31:35 INFO  - user01@naver.com님이 msgreadlist.j 요청
17/03/17 20:31:37 INFO  - user01@naver.com님이 msgbeforewrite.j 요청
17/03/17 20:31:37 INFO  - user01@naver.com님이 msgbeforewrite.j 요청
17/03/17 20:33:23 INFO  - user01@naver.com님이 msgreadlist.j 요청
17/03/17 20:33:23 INFO  - user01@naver.com님이 msgreadlist.j 요청
17/03/17 20:33:24 INFO  - user01@naver.com님이 msgreadlist.j 요청
17/03/17 20:33:24 INFO  - user01@naver.com님이 msgreadlist.j 요청
17/03/17 20:33:26 INFO  - user01@naver.com님이 msgbeforewrite.j 요청
17/03/17 20:33:26 INFO  - user01@naver.com님이 msgbeforewrite.j 요청
17/03/17 20:35:18 INFO  - user01@naver.com님이 msgreadlist.j 요청
17/03/17 20:35:18 INFO  - user01@naver.com님이 msgreadlist.j 요청
17/03/17 20:35:18 INFO  - user01@naver.com님이 msgreadlist.j 요청
17/03/17 20:35:18 INFO  - user01@naver.com님이 msgreadlist.j 요청
17/03/17 20:35:20 INFO  - user01@naver.com님이 msgreadlist.j 요청
17/03/17 20:35:20 INFO  - user01@naver.com님이 msgreadlist.j 요청
17/03/17 20:35:23 INFO  - user01@naver.com님이 msgbeforewrite.j 요청
17/03/17 20:35:23 INFO  - user01@naver.com님이 msgbeforewrite.j 요청
17/03/17 20:37:12 INFO  - user01@naver.com님이 msgreadlist.j 요청
17/03/17 20:37:12 INFO  - user01@naver.com님이 msgreadlist.j 요청
17/03/17 20:37:19 INFO  - user01@naver.com님이 msgbeforewrite.j 요청
17/03/17 20:37:19 INFO  - user01@naver.com님이 msgbeforewrite.j 요청
17/03/17 20:37:50 INFO  - user01@naver.com님이 msgbeforewrite.j 요청
17/03/17 20:37:50 INFO  - user01@naver.com님이 msgbeforewrite.j 요청
17/03/17 20:48:04 INFO  - user01@naver.com님이 selectFriendList.n 요청
17/03/17 20:48:04 INFO  - user01@naver.com님이 selectFriendList.n 요청
17/03/17 20:48:04 INFO  - user01@naver.com님이 headmsglist.j 요청
17/03/17 20:48:04 INFO  - user01@naver.com님이 headmsglist.j 요청
17/03/17 20:48:04 INFO  - user01@naver.com님이 msgreadlist.j 요청
17/03/17 20:48:04 INFO  - user01@naver.com님이 msgreadlist.j 요청
17/03/17 20:48:07 INFO  - user01@naver.com님이 msgbeforewrite.j 요청
17/03/17 20:48:07 INFO  - user01@naver.com님이 msgbeforewrite.j 요청
17/03/17 20:49:54 INFO  - user01@naver.com님이 msgreadlist.j 요청
17/03/17 20:49:54 INFO  - user01@naver.com님이 msgreadlist.j 요청
17/03/17 20:50:07 INFO  - user01@naver.com님이 msgbeforewrite.j 요청
17/03/17 20:50:07 INFO  - user01@naver.com님이 msgbeforewrite.j 요청
17/03/17 20:52:43 INFO  - user01@naver.com님이 msgreadlist.j 요청
17/03/17 20:52:43 INFO  - user01@naver.com님이 msgreadlist.j 요청
17/03/17 20:52:45 INFO  - user01@naver.com님이 msgbeforewrite.j 요청
17/03/17 20:52:45 INFO  - user01@naver.com님이 msgbeforewrite.j 요청
17/03/17 20:57:05 INFO  - user01@naver.com님이 msgbeforewrite.j 요청
17/03/17 20:57:05 INFO  - user01@naver.com님이 msgbeforewrite.j 요청
17/03/17 20:57:14 INFO  - user01@naver.com님이 msgsead.j 요청
17/03/17 20:57:14 INFO  - user01@naver.com님이 msgsead.j 요청
17/03/17 20:57:14 INFO  - user01@naver.com님이 msgsendlist.j 요청
17/03/17 20:57:14 INFO  - user01@naver.com님이 msgsendlist.j 요청
17/03/17 20:57:51 INFO  - user01@naver.com님이 msgsead.j 요청
17/03/17 20:57:51 INFO  - user01@naver.com님이 msgsead.j 요청
17/03/17 20:57:51 INFO  - user01@naver.com님이 msgsendlist.j 요청
17/03/17 20:57:51 INFO  - user01@naver.com님이 msgsendlist.j 요청
17/03/17 20:57:53 INFO  - user01@naver.com님이 msgbeforewrite.j 요청
17/03/17 20:57:53 INFO  - user01@naver.com님이 msgbeforewrite.j 요청
17/03/17 20:58:41 INFO  - user01@naver.com님이 msgbeforewrite.j 요청
17/03/17 20:58:41 INFO  - user01@naver.com님이 msgbeforewrite.j 요청
17/03/17 20:59:15 INFO  - user01@naver.com님이 msgbeforewrite.j 요청
17/03/17 20:59:15 INFO  - user01@naver.com님이 msgbeforewrite.j 요청
17/03/17 20:59:42 INFO  - user01@naver.com님이 msgbeforewrite.j 요청
17/03/17 20:59:42 INFO  - user01@naver.com님이 msgbeforewrite.j 요청
17/03/17 20:59:55 INFO  - user01@naver.com님이 msgbeforewrite.j 요청
17/03/17 20:59:55 INFO  - user01@naver.com님이 msgbeforewrite.j 요청
17/03/17 21:00:26 INFO  - user01@naver.com님이 msgbeforewrite.j 요청
17/03/17 21:00:26 INFO  - user01@naver.com님이 msgbeforewrite.j 요청
17/03/17 21:01:00 INFO  - user01@naver.com님이 msgbeforewrite.j 요청
17/03/17 21:01:00 INFO  - user01@naver.com님이 msgbeforewrite.j 요청
17/03/17 21:01:20 INFO  - user01@naver.com님이 msgbeforewrite.j 요청
17/03/17 21:01:20 INFO  - user01@naver.com님이 msgbeforewrite.j 요청
17/03/17 21:01:55 INFO  - user01@naver.com님이 msgbeforewrite.j 요청
17/03/17 21:01:55 INFO  - user01@naver.com님이 msgbeforewrite.j 요청
17/03/17 21:02:37 INFO  - user01@naver.com님이 msgbeforewrite.j 요청
17/03/17 21:02:37 INFO  - user01@naver.com님이 msgbeforewrite.j 요청
17/03/17 21:03:11 INFO  - user01@naver.com님이 msgbeforewrite.j 요청
17/03/17 21:03:11 INFO  - user01@naver.com님이 msgbeforewrite.j 요청
17/03/17 21:03:50 INFO  - user01@naver.com님이 msgbeforewrite.j 요청
17/03/17 21:03:50 INFO  - user01@naver.com님이 msgbeforewrite.j 요청
17/03/17 21:05:23 INFO  - user01@naver.com님이 msgbeforewrite.j 요청
17/03/17 21:05:23 INFO  - user01@naver.com님이 msgbeforewrite.j 요청
17/03/17 21:05:26 INFO  - user01@naver.com님이 msgsead.j 요청
17/03/17 21:05:26 INFO  - user01@naver.com님이 msgsead.j 요청
17/03/17 21:05:26 INFO  - user01@naver.com님이 msgsendlist.j 요청
17/03/17 21:05:26 INFO  - user01@naver.com님이 msgsendlist.j 요청
17/03/17 21:06:05 INFO  - user01@naver.com님이 selectFriendList.n 요청
17/03/17 21:06:05 INFO  - user01@naver.com님이 selectFriendList.n 요청
17/03/17 21:06:08 INFO  - user01@naver.com님이 msgreadlist.j 요청
17/03/17 21:06:08 INFO  - user01@naver.com님이 msgreadlist.j 요청
17/03/17 21:06:09 INFO  - user01@naver.com님이 headmsglist.j 요청
17/03/17 21:06:09 INFO  - user01@naver.com님이 headmsglist.j 요청
17/03/17 21:06:09 INFO  - user01@naver.com님이 msgreadlist.j 요청
17/03/17 21:06:09 INFO  - user01@naver.com님이 msgreadlist.j 요청
17/03/17 21:06:09 INFO  - user01@naver.com님이 headmsglist.j 요청
17/03/17 21:06:09 INFO  - user01@naver.com님이 headmsglist.j 요청
17/03/17 21:06:10 INFO  - user01@naver.com님이 msgbeforewrite.j 요청
17/03/17 21:06:10 INFO  - user01@naver.com님이 msgbeforewrite.j 요청
17/03/17 21:06:11 INFO  - user01@naver.com님이 msgsendlist.j 요청
17/03/17 21:06:11 INFO  - user01@naver.com님이 msgsendlist.j 요청
17/03/17 21:06:13 INFO  - user01@naver.com님이 msgspamlist.j 요청
17/03/17 21:06:13 INFO  - user01@naver.com님이 msgspamlist.j 요청
17/03/17 21:06:14 INFO  - user01@naver.com님이 autocomresiveid.j 요청
17/03/17 21:06:14 INFO  - user01@naver.com님이 autocomresiveid.j 요청
17/03/17 21:06:14 INFO  - user01@naver.com님이 autocomresiveid.j 요청
17/03/17 21:06:14 INFO  - user01@naver.com님이 autocomresiveid.j 요청
17/03/17 21:06:17 INFO  - user01@naver.com님이 msgsendlist.j 요청
17/03/17 21:06:17 INFO  - user01@naver.com님이 msgsendlist.j 요청
17/03/17 21:06:17 INFO  - user01@naver.com님이 msgsead.j 요청
17/03/17 21:06:17 INFO  - user01@naver.com님이 msgsead.j 요청
17/03/17 21:06:17 INFO  - user01@naver.com님이 msgsendlist.j 요청
17/03/17 21:06:17 INFO  - user01@naver.com님이 msgsendlist.j 요청
17/03/17 21:06:22 INFO  - user01@naver.com님이 msgbeforewrite.j 요청
17/03/17 21:06:22 INFO  - user01@naver.com님이 msgbeforewrite.j 요청
17/03/17 21:06:24 INFO  - user01@naver.com님이 autocomresiveid.j 요청
17/03/17 21:06:24 INFO  - user01@naver.com님이 autocomresiveid.j 요청
17/03/17 21:06:25 INFO  - user01@naver.com님이 autocomresiveid.j 요청
17/03/17 21:06:25 INFO  - user01@naver.com님이 autocomresiveid.j 요청
17/03/17 21:06:58 INFO  - user01@naver.com님이 msgreadlist.j 요청
17/03/17 21:06:58 INFO  - user01@naver.com님이 msgreadlist.j 요청
17/03/17 21:06:59 INFO  - user01@naver.com님이 msgbeforewrite.j 요청
17/03/17 21:06:59 INFO  - user01@naver.com님이 msgbeforewrite.j 요청
17/03/17 21:07:02 INFO  - user01@naver.com님이 autocomresiveid.j 요청
17/03/17 21:07:02 INFO  - user01@naver.com님이 autocomresiveid.j 요청
17/03/17 21:07:03 INFO  - user01@naver.com님이 autocomresiveid.j 요청
17/03/17 21:07:03 INFO  - user01@naver.com님이 autocomresiveid.j 요청
17/03/17 21:07:06 INFO  - user01@naver.com님이 autocomresiveid.j 요청
17/03/17 21:07:06 INFO  - user01@naver.com님이 autocomresiveid.j 요청
17/03/17 21:07:17 INFO  - user01@naver.com님이 msgdetail.j 요청
17/03/17 21:07:17 INFO  - user01@naver.com님이 msgdetail.j 요청
17/03/17 21:07:22 INFO  - user01@naver.com님이 msgreadlist.j 요청
17/03/17 21:07:22 INFO  - user01@naver.com님이 msgreadlist.j 요청
17/03/17 21:07:25 INFO  - user01@naver.com님이 msgsendlist.j 요청
17/03/17 21:07:25 INFO  - user01@naver.com님이 msgsendlist.j 요청
17/03/17 21:07:27 INFO  - user01@naver.com님이 msgdetail.j 요청
17/03/17 21:07:27 INFO  - user01@naver.com님이 msgdetail.j 요청
17/03/17 21:07:32 INFO  - user01@naver.com님이 msgbeforewrite.j 요청
17/03/17 21:07:32 INFO  - user01@naver.com님이 msgbeforewrite.j 요청
17/03/17 21:08:16 INFO  - user01@naver.com님이 msgbeforewrite.j 요청
17/03/17 21:08:16 INFO  - user01@naver.com님이 msgbeforewrite.j 요청
17/03/17 21:08:20 INFO  - user01@naver.com님이 msgsead.j 요청
17/03/17 21:08:20 INFO  - user01@naver.com님이 msgsead.j 요청
17/03/17 21:08:20 INFO  - user01@naver.com님이 msgsendlist.j 요청
17/03/17 21:08:20 INFO  - user01@naver.com님이 msgsendlist.j 요청
17/03/17 21:08:28 INFO  - user01@naver.com님이 msgbeforewrite.j 요청
17/03/17 21:08:28 INFO  - user01@naver.com님이 msgbeforewrite.j 요청
17/03/17 21:09:48 INFO  - user01@naver.com님이 msgbeforewrite.j 요청
17/03/17 21:09:48 INFO  - user01@naver.com님이 msgbeforewrite.j 요청
17/03/17 21:09:54 INFO  - user01@naver.com님이 msgsead.j 요청
17/03/17 21:09:54 INFO  - user01@naver.com님이 msgsead.j 요청
17/03/17 21:09:54 INFO  - user01@naver.com님이 msgsendlist.j 요청
17/03/17 21:09:54 INFO  - user01@naver.com님이 msgsendlist.j 요청
17/03/17 21:10:14 INFO  - user01@naver.com님이 msgreadlist.j 요청
17/03/17 21:10:14 INFO  - user01@naver.com님이 msgreadlist.j 요청
17/03/17 21:10:18 INFO  - user01@naver.com님이 msgsendlist.j 요청
17/03/17 21:10:18 INFO  - user01@naver.com님이 msgsendlist.j 요청
17/03/17 21:10:20 INFO  - user01@naver.com님이 msgspamlist.j 요청
17/03/17 21:10:20 INFO  - user01@naver.com님이 msgspamlist.j 요청
17/03/17 21:10:22 INFO  - user01@naver.com님이 msgsendlist.j 요청
17/03/17 21:10:22 INFO  - user01@naver.com님이 msgsendlist.j 요청
17/03/17 21:10:27 INFO  - user01@naver.com님이 msgreadlist.j 요청
17/03/17 21:10:27 INFO  - user01@naver.com님이 msgreadlist.j 요청
17/03/17 21:10:35 INFO  - user01@naver.com님이 msgsendlist.j 요청
17/03/17 21:10:35 INFO  - user01@naver.com님이 msgsendlist.j 요청
17/03/17 21:14:46 INFO  - user01@naver.com님이 msgsendlist.j 요청
17/03/17 21:14:46 INFO  - user01@naver.com님이 msgsendlist.j 요청
17/03/17 21:14:53 INFO  - user01@naver.com님이 headmsglist.j 요청
17/03/17 21:14:53 INFO  - user01@naver.com님이 headmsglist.j 요청
17/03/17 21:14:54 INFO  - user01@naver.com님이 headmsglist.j 요청
17/03/17 21:14:54 INFO  - user01@naver.com님이 headmsglist.j 요청
17/03/17 21:14:54 INFO  - user01@naver.com님이 msgreadlist.j 요청
17/03/17 21:14:54 INFO  - user01@naver.com님이 msgreadlist.j 요청
17/03/17 21:14:55 INFO  - user01@naver.com님이 headmsglist.j 요청
17/03/17 21:14:55 INFO  - user01@naver.com님이 headmsglist.j 요청
