17/03/15 20:47:24 INFO  - user01@naver.com님이 selectFriendList.n 요청
17/03/15 20:47:24 INFO  - user01@naver.com님이 selectFriendList.n 요청
17/03/15 20:48:00 INFO  - user01@naver.com님이 selectFriendList.n 요청
17/03/15 20:48:00 INFO  - user01@naver.com님이 selectFriendList.n 요청
17/03/15 20:48:34 INFO  - user01@naver.com님이 selectFriendList.n 요청
17/03/15 20:48:34 INFO  - user01@naver.com님이 selectFriendList.n 요청
17/03/15 20:48:36 INFO  - user01@naver.com님이 selectFriendList.n 요청
17/03/15 20:48:36 INFO  - user01@naver.com님이 selectFriendList.n 요청
17/03/15 20:48:47 INFO  - user01@naver.com님이 selectFriendList.n 요청
17/03/15 20:48:47 INFO  - user01@naver.com님이 selectFriendList.n 요청
17/03/15 20:48:48 INFO  - user01@naver.com님이 selectFriendList.n 요청
17/03/15 20:48:48 INFO  - user01@naver.com님이 selectFriendList.n 요청
17/03/15 20:50:45 INFO  - user01@naver.com님이 selectFriendList.n 요청
17/03/15 20:50:45 INFO  - user01@naver.com님이 selectFriendList.n 요청
17/03/15 20:51:02 INFO  - user01@naver.com님이 selectFriendList.n 요청
17/03/15 20:51:02 INFO  - user01@naver.com님이 selectFriendList.n 요청
17/03/15 20:51:03 INFO  - user01@naver.com님이 selectFriendList.n 요청
17/03/15 20:51:03 INFO  - user01@naver.com님이 selectFriendList.n 요청
17/03/15 20:51:04 INFO  - user01@naver.com님이 selectFriendList.n 요청
17/03/15 20:51:04 INFO  - user01@naver.com님이 selectFriendList.n 요청
17/03/15 20:51:13 INFO  - user01@naver.com님이 selectFriendList.n 요청
17/03/15 20:51:13 INFO  - user01@naver.com님이 selectFriendList.n 요청
17/03/15 20:51:14 INFO  - user01@naver.com님이 selectFriendList.n 요청
17/03/15 20:51:14 INFO  - user01@naver.com님이 selectFriendList.n 요청
17/03/15 20:51:15 INFO  - user01@naver.com님이 selectFriendList.n 요청
17/03/15 20:51:15 INFO  - user01@naver.com님이 selectFriendList.n 요청
17/03/15 20:52:27 INFO  - user01@naver.com님이 selectFriendList.n 요청
17/03/15 20:52:27 INFO  - user01@naver.com님이 selectFriendList.n 요청
17/03/15 20:52:28 INFO  - user01@naver.com님이 selectFriendList.n 요청
17/03/15 20:52:28 INFO  - user01@naver.com님이 selectFriendList.n 요청
17/03/15 20:52:29 INFO  - user01@naver.com님이 selectFriendList.n 요청
17/03/15 20:52:29 INFO  - user01@naver.com님이 selectFriendList.n 요청
17/03/15 20:52:29 INFO  - user01@naver.com님이 selectFriendList.n 요청
17/03/15 20:52:29 INFO  - user01@naver.com님이 selectFriendList.n 요청
17/03/15 20:52:30 INFO  - user01@naver.com님이 selectFriendList.n 요청
17/03/15 20:52:30 INFO  - user01@naver.com님이 selectFriendList.n 요청
17/03/15 20:52:32 INFO  - user01@naver.com님이 selectFriendList.n 요청
17/03/15 20:52:32 INFO  - user01@naver.com님이 selectFriendList.n 요청
17/03/15 20:53:14 INFO  - user01@naver.com님이 selectFriendList.n 요청
17/03/15 20:53:14 INFO  - user01@naver.com님이 selectFriendList.n 요청
17/03/15 20:53:23 INFO  - user01@naver.com님이 selectFriendList.n 요청
17/03/15 20:53:23 INFO  - user01@naver.com님이 selectFriendList.n 요청
17/03/15 20:53:24 INFO  - user01@naver.com님이 selectFriendList.n 요청
17/03/15 20:53:24 INFO  - user01@naver.com님이 selectFriendList.n 요청
17/03/15 20:53:25 INFO  - user01@naver.com님이 selectFriendList.n 요청
17/03/15 20:53:25 INFO  - user01@naver.com님이 selectFriendList.n 요청
17/03/15 20:53:38 INFO  - user01@naver.com님이 selectFriendList.n 요청
17/03/15 20:53:38 INFO  - user01@naver.com님이 selectFriendList.n 요청
17/03/15 20:53:39 INFO  - user01@naver.com님이 selectFriendList.n 요청
17/03/15 20:53:39 INFO  - user01@naver.com님이 selectFriendList.n 요청
17/03/15 20:53:43 INFO  - user01@naver.com님이 selectFriendList.n 요청
17/03/15 20:53:43 INFO  - user01@naver.com님이 selectFriendList.n 요청
17/03/15 20:53:52 INFO  - user01@naver.com님이 selectFriendList.n 요청
17/03/15 20:53:52 INFO  - user01@naver.com님이 selectFriendList.n 요청
17/03/15 20:53:53 INFO  - user01@naver.com님이 selectFriendList.n 요청
17/03/15 20:53:53 INFO  - user01@naver.com님이 selectFriendList.n 요청
17/03/15 20:53:55 INFO  - user01@naver.com님이 selectFriendList.n 요청
17/03/15 20:53:55 INFO  - user01@naver.com님이 selectFriendList.n 요청
17/03/15 20:54:05 INFO  - user01@naver.com님이 alink.do 요청
17/03/15 20:54:05 INFO  - user01@naver.com님이 alink.do 요청
17/03/15 20:54:07 INFO  - user01@naver.com님이 selectFriendList.n 요청
17/03/15 20:54:07 INFO  - user01@naver.com님이 selectFriendList.n 요청
17/03/15 20:54:21 INFO  - user01@naver.com님이 selectFriendList.n 요청
17/03/15 20:54:21 INFO  - user01@naver.com님이 selectFriendList.n 요청
17/03/15 20:54:33 INFO  - user01@naver.com님이 selectFriendList.n 요청
17/03/15 20:54:33 INFO  - user01@naver.com님이 selectFriendList.n 요청
17/03/15 20:54:35 INFO  - user01@naver.com님이 selectFriendList.n 요청
17/03/15 20:54:35 INFO  - user01@naver.com님이 selectFriendList.n 요청
17/03/15 20:57:40 INFO  - user01@naver.com님이 selectFriendList.n 요청
17/03/15 20:57:40 INFO  - user01@naver.com님이 selectFriendList.n 요청
17/03/15 20:57:41 INFO  - user01@naver.com님이 selectFriendList.n 요청
17/03/15 20:57:41 INFO  - user01@naver.com님이 selectFriendList.n 요청
17/03/15 20:57:43 INFO  - user01@naver.com님이 selectFriendList.n 요청
17/03/15 20:57:43 INFO  - user01@naver.com님이 selectFriendList.n 요청
17/03/15 20:58:11 INFO  - user01@naver.com님이 selectFriendList.n 요청
17/03/15 20:58:11 INFO  - user01@naver.com님이 selectFriendList.n 요청
17/03/15 20:58:13 INFO  - user01@naver.com님이 selectFriendList.n 요청
17/03/15 20:58:13 INFO  - user01@naver.com님이 selectFriendList.n 요청
17/03/15 20:58:19 INFO  - user01@naver.com님이 selectFriendList.n 요청
17/03/15 20:58:19 INFO  - user01@naver.com님이 selectFriendList.n 요청
17/03/15 20:59:17 INFO  - user01@naver.com님이 selectFriendList.n 요청
17/03/15 20:59:17 INFO  - user01@naver.com님이 selectFriendList.n 요청
17/03/15 20:59:19 INFO  - user01@naver.com님이 selectFriendList.n 요청
17/03/15 20:59:19 INFO  - user01@naver.com님이 selectFriendList.n 요청
17/03/15 20:59:20 INFO  - user01@naver.com님이 selectFriendList.n 요청
17/03/15 20:59:20 INFO  - user01@naver.com님이 selectFriendList.n 요청
17/03/15 20:59:21 INFO  - user01@naver.com님이 selectFriendList.n 요청
17/03/15 20:59:21 INFO  - user01@naver.com님이 selectFriendList.n 요청
17/03/15 20:59:22 INFO  - user01@naver.com님이 selectFriendList.n 요청
17/03/15 20:59:22 INFO  - user01@naver.com님이 selectFriendList.n 요청
17/03/15 21:13:07 INFO  - user01@naver.com님이 selectFriendList.n 요청
17/03/15 21:13:07 INFO  - user01@naver.com님이 selectFriendList.n 요청
17/03/15 21:13:13 INFO  - user01@naver.com님이 selectFriendList.n 요청
17/03/15 21:13:13 INFO  - user01@naver.com님이 selectFriendList.n 요청
17/03/15 21:13:15 INFO  - user01@naver.com님이 selectFriendList.n 요청
17/03/15 21:13:15 INFO  - user01@naver.com님이 selectFriendList.n 요청
17/03/15 21:14:29 INFO  - user01@naver.com님이 selectFriendList.n 요청
17/03/15 21:14:29 INFO  - user01@naver.com님이 selectFriendList.n 요청
17/03/15 21:14:32 INFO  - user01@naver.com님이 selectFriendList.n 요청
17/03/15 21:14:32 INFO  - user01@naver.com님이 selectFriendList.n 요청
17/03/15 21:14:57 INFO  - user01@naver.com님이 selectFriendList.n 요청
17/03/15 21:14:57 INFO  - user01@naver.com님이 selectFriendList.n 요청
17/03/15 21:14:58 INFO  - user01@naver.com님이 selectFriendList.n 요청
17/03/15 21:14:58 INFO  - user01@naver.com님이 selectFriendList.n 요청
17/03/15 21:15:00 INFO  - user01@naver.com님이 selectFriendList.n 요청
17/03/15 21:15:00 INFO  - user01@naver.com님이 selectFriendList.n 요청
17/03/15 21:15:47 INFO  - user01@naver.com님이 selectFriendList.n 요청
17/03/15 21:15:47 INFO  - user01@naver.com님이 selectFriendList.n 요청
17/03/15 21:15:52 INFO  - user01@naver.com님이 selectFriendList.n 요청
17/03/15 21:15:52 INFO  - user01@naver.com님이 selectFriendList.n 요청
17/03/15 21:18:07 INFO  - user01@naver.com님이 selectFriendList.n 요청
17/03/15 21:18:07 INFO  - user01@naver.com님이 selectFriendList.n 요청
17/03/15 21:18:11 INFO  - user01@naver.com님이 selectFriendList.n 요청
17/03/15 21:18:11 INFO  - user01@naver.com님이 selectFriendList.n 요청
17/03/16 21:06:27 INFO  - user01@naver.com님이 selectFriendList.n 요청
17/03/16 21:06:27 INFO  - user01@naver.com님이 selectFriendList.n 요청
17/03/16 21:07:17 INFO  - user01@naver.com님이 selectFriendList.n 요청
17/03/16 21:07:17 INFO  - user01@naver.com님이 selectFriendList.n 요청
17/03/16 21:07:18 INFO  - user01@naver.com님이 msgreadlist.j 요청
17/03/16 21:07:18 INFO  - user01@naver.com님이 msgreadlist.j 요청
17/03/16 21:07:19 INFO  - user01@naver.com님이 msgreadlist.j 요청
17/03/16 21:07:19 INFO  - user01@naver.com님이 msgreadlist.j 요청
17/03/16 21:07:22 INFO  - user01@naver.com님이 alink.do 요청
17/03/16 21:07:22 INFO  - user01@naver.com님이 alink.do 요청
17/03/16 21:07:25 INFO  - user01@naver.com님이 autocomresiveid.j 요청
17/03/16 21:07:25 INFO  - user01@naver.com님이 autocomresiveid.j 요청
17/03/16 21:07:26 INFO  - user01@naver.com님이 autocomresiveid.j 요청
17/03/16 21:07:26 INFO  - user01@naver.com님이 autocomresiveid.j 요청
17/03/16 21:07:32 INFO  - user01@naver.com님이 msgsead.j 요청
17/03/16 21:07:32 INFO  - user01@naver.com님이 msgsead.j 요청
