17/03/24 16:29:34 INFO  - user01@naver.com님이 selectFriendList.n 요청
17/03/24 16:29:37 INFO  - user01@naver.com님이 selectNotice.k 요청
17/03/24 16:29:37 INFO  - user01@naver.com님이 selectFriendList.n 요청
17/03/24 16:53:05 INFO  - user01@naver.com님이 selectNotice.k 요청
17/03/24 16:53:06 INFO  - user01@naver.com님이 selectFriendList.n 요청
17/03/24 16:53:24 INFO  - user01@naver.com님이 selectNotice.k 요청
17/03/24 16:53:25 INFO  - user01@naver.com님이 selectFriendList.n 요청
17/03/24 16:53:35 INFO  - user01@naver.com님이 selectNotice.k 요청
17/03/24 16:53:35 INFO  - user01@naver.com님이 selectNotice.k 요청
17/03/24 16:53:35 INFO  - user01@naver.com님이 selectNotice.k 요청
17/03/24 16:53:36 INFO  - user01@naver.com님이 selectNotice.k 요청
17/03/24 16:53:36 INFO  - user01@naver.com님이 selectNotice.k 요청
17/03/24 16:53:36 INFO  - user01@naver.com님이 selectNotice.k 요청
17/03/24 16:53:36 INFO  - user01@naver.com님이 selectFriendList.n 요청
17/03/24 16:53:37 INFO  - user01@naver.com님이 noticeDetail.k 요청
17/03/24 16:54:10 INFO  - user01@naver.com님이 noticeDetail.k 요청
17/03/24 16:54:11 INFO  - user01@naver.com님이 noticeDetail.k 요청
17/03/24 16:54:12 INFO  - user01@naver.com님이 noticeDetail.k 요청
17/03/24 16:54:12 INFO  - user01@naver.com님이 noticeDetail.k 요청
17/03/24 16:54:12 INFO  - user01@naver.com님이 noticeDetail.k 요청
17/03/24 16:54:13 INFO  - user01@naver.com님이 noticeDetail.k 요청
17/03/24 16:54:13 INFO  - user01@naver.com님이 noticeDetail.k 요청
17/03/24 16:54:13 INFO  - user01@naver.com님이 noticeDetail.k 요청
17/03/24 16:54:14 INFO  - user01@naver.com님이 noticeDetail.k 요청
17/03/24 16:54:14 INFO  - user01@naver.com님이 noticeDetail.k 요청
17/03/24 16:54:14 INFO  - user01@naver.com님이 noticeDetail.k 요청
17/03/24 16:54:15 INFO  - user01@naver.com님이 noticeDetail.k 요청
17/03/24 16:54:15 INFO  - user01@naver.com님이 noticeDetail.k 요청
17/03/24 16:54:15 INFO  - user01@naver.com님이 noticeDetail.k 요청
17/03/24 16:54:16 INFO  - user01@naver.com님이 noticeDetail.k 요청
17/03/24 16:54:18 INFO  - user01@naver.com님이 selectNotice.k 요청
17/03/24 16:54:19 INFO  - user01@naver.com님이 noticeDetail.k 요청
17/03/24 16:54:21 INFO  - user01@naver.com님이 selectNotice.k 요청
17/03/24 16:54:22 INFO  - user01@naver.com님이 selectNotice.k 요청
17/03/24 16:54:24 INFO  - user01@naver.com님이 selectFriendList.n 요청
17/03/24 16:54:24 INFO  - user01@naver.com님이 noticeDetail.k 요청
17/03/24 16:54:54 INFO  - user01@naver.com님이 noticeDetail.k 요청
17/03/24 16:54:55 INFO  - user01@naver.com님이 noticeDetail.k 요청
17/03/24 16:54:55 INFO  - user01@naver.com님이 noticeDetail.k 요청
17/03/24 16:54:56 INFO  - user01@naver.com님이 noticeDetail.k 요청
17/03/24 16:55:21 INFO  - user01@naver.com님이 noticeDetail.k 요청
17/03/24 16:55:23 INFO  - user01@naver.com님이 selectNotice.k 요청
17/03/24 16:55:24 INFO  - user01@naver.com님이 selectNotice.k 요청
17/03/24 16:55:24 INFO  - user01@naver.com님이 selectFriendList.n 요청
17/03/24 16:55:24 INFO  - user01@naver.com님이 selectNotice.k 요청
17/03/24 16:55:24 INFO  - user01@naver.com님이 selectFriendList.n 요청
17/03/24 16:55:25 INFO  - user01@naver.com님이 noticeDetail.k 요청
17/03/24 16:58:28 INFO  - user01@naver.com님이 totalSearch.n 요청
17/03/24 16:58:28 INFO  - user01@naver.com님이 totalSearch.n 요청
17/03/24 16:58:28 INFO  - user01@naver.com님이 totalSearch.n 요청
17/03/24 16:58:29 INFO  - user01@naver.com님이 totalSearch.n 요청
17/03/24 16:58:29 INFO  - user01@naver.com님이 totalSearch.n 요청
17/03/24 16:58:30 INFO  - user01@naver.com님이 totalSearch.n 요청
17/03/24 16:58:30 INFO  - user01@naver.com님이 totalSearch.n 요청
17/03/24 16:58:34 INFO  - user01@naver.com님이 mypage2.b 요청
17/03/24 17:00:04 INFO  - user01@naver.com님이 selectNotice.k 요청
17/03/24 17:00:05 INFO  - user01@naver.com님이 selectFriendList.n 요청
17/03/24 17:00:06 INFO  - user01@naver.com님이 noticeDetail.k 요청
17/03/24 17:00:50 INFO  - user01@naver.com님이 noticeDetail.k 요청
17/03/24 17:00:53 INFO  - user01@naver.com님이 selectNotice.k 요청
17/03/24 17:00:53 INFO  - user01@naver.com님이 selectFriendList.n 요청
17/03/24 17:00:53 INFO  - user01@naver.com님이 selectNotice.k 요청
17/03/24 17:00:53 INFO  - user01@naver.com님이 selectFriendList.n 요청
17/03/24 17:00:53 INFO  - user01@naver.com님이 selectNotice.k 요청
17/03/24 17:00:53 INFO  - user01@naver.com님이 selectFriendList.n 요청
17/03/24 17:00:54 INFO  - user01@naver.com님이 selectNotice.k 요청
17/03/24 17:00:54 INFO  - user01@naver.com님이 selectFriendList.n 요청
17/03/24 17:00:54 INFO  - user01@naver.com님이 selectNotice.k 요청
17/03/24 17:00:54 INFO  - user01@naver.com님이 selectFriendList.n 요청
17/03/24 17:00:54 INFO  - user01@naver.com님이 selectNotice.k 요청
17/03/24 17:00:54 INFO  - user01@naver.com님이 selectFriendList.n 요청
17/03/24 17:00:54 INFO  - user01@naver.com님이 selectNotice.k 요청
17/03/24 17:00:54 INFO  - user01@naver.com님이 selectFriendList.n 요청
17/03/24 17:00:55 INFO  - user01@naver.com님이 selectNotice.k 요청
17/03/24 17:00:55 INFO  - user01@naver.com님이 selectFriendList.n 요청
17/03/24 17:00:55 INFO  - user01@naver.com님이 selectNotice.k 요청
17/03/24 17:00:55 INFO  - user01@naver.com님이 selectFriendList.n 요청
17/03/24 17:00:55 INFO  - user01@naver.com님이 selectNotice.k 요청
17/03/24 17:00:55 INFO  - user01@naver.com님이 selectFriendList.n 요청
17/03/24 17:00:55 INFO  - user01@naver.com님이 selectNotice.k 요청
17/03/24 17:00:56 INFO  - user01@naver.com님이 selectFriendList.n 요청
17/03/24 17:00:56 INFO  - user01@naver.com님이 selectNotice.k 요청
17/03/24 17:00:56 INFO  - user01@naver.com님이 selectFriendList.n 요청
17/03/24 17:00:56 INFO  - user01@naver.com님이 selectNotice.k 요청
17/03/24 17:00:56 INFO  - user01@naver.com님이 selectFriendList.n 요청
17/03/24 17:00:57 INFO  - user01@naver.com님이 noticeDetail.k 요청
17/03/24 17:01:06 INFO  - user01@naver.com님이 selectNotice.k 요청
17/03/24 17:01:06 INFO  - user01@naver.com님이 selectNotice.k 요청
17/03/24 17:01:06 INFO  - user01@naver.com님이 selectFriendList.n 요청
17/03/24 17:01:07 INFO  - user01@naver.com님이 selectNotice.k 요청
17/03/24 17:01:07 INFO  - user01@naver.com님이 noticeDetail.k 요청
17/03/24 17:01:13 INFO  - user01@naver.com님이 noticeDetail.k 요청
17/03/24 17:01:14 INFO  - user01@naver.com님이 selectNotice.k 요청
17/03/24 17:01:15 INFO  - user01@naver.com님이 selectFriendList.n 요청
17/03/24 17:01:15 INFO  - user01@naver.com님이 selectNotice.k 요청
17/03/24 17:01:15 INFO  - user01@naver.com님이 selectFriendList.n 요청
17/03/24 17:01:15 INFO  - user01@naver.com님이 selectNotice.k 요청
17/03/24 17:01:15 INFO  - user01@naver.com님이 selectFriendList.n 요청
17/03/24 17:01:16 INFO  - user01@naver.com님이 noticeDetail.k 요청
17/03/24 17:02:02 INFO  - user01@naver.com님이 selectNotice.k 요청
17/03/24 17:02:02 INFO  - user01@naver.com님이 selectFriendList.n 요청
17/03/24 17:02:02 INFO  - user01@naver.com님이 selectNotice.k 요청
17/03/24 17:02:02 INFO  - user01@naver.com님이 selectFriendList.n 요청
17/03/24 17:02:03 INFO  - user01@naver.com님이 noticeDetail.k 요청
17/03/24 17:02:45 INFO  - user01@naver.com님이 selectNotice.k 요청
17/03/24 17:02:45 INFO  - user01@naver.com님이 selectFriendList.n 요청
17/03/24 17:02:46 INFO  - user01@naver.com님이 selectNotice.k 요청
17/03/24 17:02:46 INFO  - user01@naver.com님이 selectFriendList.n 요청
17/03/24 17:02:47 INFO  - user01@naver.com님이 noticeDetail.k 요청
17/03/24 17:02:56 INFO  - user01@naver.com님이 selectNotice.k 요청
17/03/24 17:02:56 INFO  - user01@naver.com님이 selectNotice.k 요청
17/03/24 17:02:56 INFO  - user01@naver.com님이 selectNotice.k 요청
17/03/24 17:02:56 INFO  - user01@naver.com님이 selectNotice.k 요청
17/03/24 17:02:57 INFO  - user01@naver.com님이 selectFriendList.n 요청
17/03/24 17:02:57 INFO  - user01@naver.com님이 selectNotice.k 요청
17/03/24 17:02:58 INFO  - user01@naver.com님이 selectNotice.k 요청
17/03/24 17:02:58 INFO  - user01@naver.com님이 selectFriendList.n 요청
17/03/24 17:02:59 INFO  - user01@naver.com님이 noticeDetail.k 요청
17/03/24 17:02:59 INFO  - user01@naver.com님이 selectFriendList.n 요청
17/03/24 17:04:24 INFO  - user01@naver.com님이 noticeDetail.k 요청
17/03/24 17:04:25 INFO  - user01@naver.com님이 selectFriendList.n 요청
17/03/24 17:04:25 INFO  - user01@naver.com님이 noticeDetail.k 요청
17/03/24 17:04:26 INFO  - user01@naver.com님이 selectFriendList.n 요청
17/03/24 17:04:34 INFO  - user01@naver.com님이 noticeDetail.k 요청
17/03/24 17:04:34 INFO  - user01@naver.com님이 selectFriendList.n 요청
17/03/24 17:04:36 INFO  - user01@naver.com님이 noticeDetail.k 요청
17/03/24 17:04:37 INFO  - user01@naver.com님이 selectFriendList.n 요청
17/03/24 17:04:38 INFO  - user01@naver.com님이 noticeDetail.k 요청
17/03/24 17:04:38 INFO  - user01@naver.com님이 selectFriendList.n 요청
17/03/24 17:26:26 INFO  - user01@naver.com님이 noticeDetail.k 요청
17/03/24 17:26:28 INFO  - user01@naver.com님이 selectFriendList.n 요청
17/03/24 17:26:28 INFO  - user01@naver.com님이 noticeDetail.k 요청
17/03/24 17:26:29 INFO  - user01@naver.com님이 selectFriendList.n 요청
17/03/24 17:26:36 INFO  - user01@naver.com님이 noticeDetail.k 요청
17/03/24 17:26:36 INFO  - user01@naver.com님이 selectFriendList.n 요청
17/03/24 17:26:37 INFO  - user01@naver.com님이 noticeDetail.k 요청
17/03/24 17:26:37 INFO  - user01@naver.com님이 selectFriendList.n 요청
17/03/24 17:26:38 INFO  - user01@naver.com님이 noticeDetail.k 요청
17/03/24 17:26:38 INFO  - user01@naver.com님이 selectFriendList.n 요청
17/03/24 17:27:18 INFO  - user01@naver.com님이 noticeDetail.k 요청
17/03/24 17:27:19 INFO  - user01@naver.com님이 selectFriendList.n 요청
17/03/24 17:27:20 INFO  - user01@naver.com님이 noticeDetail.k 요청
17/03/24 17:27:21 INFO  - user01@naver.com님이 selectFriendList.n 요청
17/03/24 17:27:26 INFO  - user01@naver.com님이 noticeDetail.k 요청
17/03/24 17:27:26 INFO  - user01@naver.com님이 selectFriendList.n 요청
17/03/24 17:27:42 INFO  - user01@naver.com님이 noticeDetail.k 요청
17/03/24 17:27:42 INFO  - user01@naver.com님이 selectFriendList.n 요청
17/03/24 17:27:43 INFO  - user01@naver.com님이 noticeDetail.k 요청
17/03/24 17:27:43 INFO  - user01@naver.com님이 selectFriendList.n 요청
17/03/24 17:27:44 INFO  - user01@naver.com님이 noticeDetail.k 요청
17/03/24 17:27:45 INFO  - user01@naver.com님이 selectFriendList.n 요청
17/03/24 17:27:45 INFO  - user01@naver.com님이 noticeDetail.k 요청
17/03/24 17:27:47 INFO  - user01@naver.com님이 selectFriendList.n 요청
17/03/24 17:28:00 INFO  - user01@naver.com님이 noticeDetail.k 요청
17/03/24 17:28:01 INFO  - user01@naver.com님이 selectFriendList.n 요청
17/03/24 17:28:02 INFO  - user01@naver.com님이 noticeDetail.k 요청
17/03/24 17:28:02 INFO  - user01@naver.com님이 selectFriendList.n 요청
17/03/24 17:28:14 INFO  - user01@naver.com님이 noticeDetail.k 요청
17/03/24 17:28:15 INFO  - user01@naver.com님이 selectFriendList.n 요청
17/03/24 17:31:17 INFO  - user01@naver.com님이 noticeDetail.k 요청
17/03/24 17:31:18 INFO  - user01@naver.com님이 selectFriendList.n 요청
17/03/24 17:31:24 INFO  - user01@naver.com님이 noticeDetail.k 요청
17/03/24 17:31:25 INFO  - user01@naver.com님이 selectFriendList.n 요청
17/03/24 17:38:45 INFO  - user01@naver.com님이 selectFriendList.n 요청
17/03/24 17:38:47 INFO  - user01@naver.com님이 selectNotice.k 요청
17/03/24 17:38:49 INFO  - user01@naver.com님이 selectFriendList.n 요청
17/03/24 17:38:50 INFO  - user01@naver.com님이 noticeDetail.k 요청
17/03/24 17:38:51 INFO  - user01@naver.com님이 selectFriendList.n 요청
17/03/24 17:39:43 INFO  - user01@naver.com님이 noticeDetail.k 요청
17/03/24 17:39:44 INFO  - user01@naver.com님이 selectFriendList.n 요청
17/03/24 17:39:45 INFO  - user01@naver.com님이 noticeDetail.k 요청
17/03/24 17:39:45 INFO  - user01@naver.com님이 selectFriendList.n 요청
17/03/24 17:39:49 INFO  - user01@naver.com님이 noticeDetail.k 요청
17/03/24 17:39:49 INFO  - user01@naver.com님이 selectFriendList.n 요청
17/03/24 17:39:50 INFO  - user01@naver.com님이 noticeDetail.k 요청
17/03/24 17:39:50 INFO  - user01@naver.com님이 selectFriendList.n 요청
17/03/24 17:39:51 INFO  - user01@naver.com님이 noticeDetail.k 요청
17/03/24 17:39:52 INFO  - user01@naver.com님이 selectFriendList.n 요청
17/03/24 17:39:57 INFO  - user01@naver.com님이 noticeModify.k 요청
17/03/24 17:39:58 INFO  - user01@naver.com님이 selectFriendList.n 요청
17/03/24 17:40:07 INFO  - user01@naver.com님이 selectFriendList.n 요청
17/03/24 17:40:09 INFO  - user01@naver.com님이 noticeDelete.k 요청
17/03/24 17:40:12 INFO  - user01@naver.com님이 selectFriendList.n 요청
17/03/24 17:41:42 INFO  - user01@naver.com님이 noticeDetail.k 요청
17/03/24 17:41:43 INFO  - user01@naver.com님이 selectFriendList.n 요청
17/03/24 17:41:45 INFO  - user01@naver.com님이 noticeDelete.k 요청
17/03/24 17:41:45 INFO  - user01@naver.com님이 selectNotice.k 요청
17/03/24 17:41:46 INFO  - user01@naver.com님이 selectFriendList.n 요청
17/03/24 17:42:24 INFO  - user01@naver.com님이 noticeDetail.k 요청
17/03/24 17:42:25 INFO  - user01@naver.com님이 selectFriendList.n 요청
17/03/24 17:42:47 INFO  - user01@naver.com님이 noticeDelete.k 요청
17/03/24 17:42:47 INFO  - user01@naver.com님이 selectNotice.k 요청
17/03/24 17:42:48 INFO  - user01@naver.com님이 selectFriendList.n 요청
17/03/24 17:42:48 INFO  - user01@naver.com님이 noticeDetail.k 요청
17/03/24 17:42:49 INFO  - user01@naver.com님이 selectFriendList.n 요청
17/03/24 17:42:53 INFO  - user01@naver.com님이 noticeDetail.k 요청
17/03/24 17:42:54 INFO  - user01@naver.com님이 selectFriendList.n 요청
17/03/24 17:44:06 INFO  - admin님이 selectFriendList.n 요청
17/03/24 17:44:07 INFO  - admin님이 friendAccept.n 요청
17/03/24 17:44:07 INFO  - admin님이 headmsglist.j 요청
17/03/24 17:44:08 INFO  - admin님이 selectNotice.k 요청
17/03/24 17:44:09 INFO  - admin님이 selectFriendList.n 요청
17/03/24 17:44:13 INFO  - admin님이 noticeDetail.k 요청
17/03/24 17:44:13 INFO  - admin님이 selectFriendList.n 요청
17/03/24 17:44:50 INFO  - admin님이 noticeModify.k 요청
17/03/24 17:44:51 INFO  - admin님이 selectFriendList.n 요청
17/03/24 17:45:55 INFO  - admin님이 noticeModify.k 요청
17/03/24 17:45:56 INFO  - admin님이 selectFriendList.n 요청
17/03/24 17:45:58 INFO  - admin님이 noticeModify.k 요청
17/03/24 17:45:59 INFO  - admin님이 selectFriendList.n 요청
17/03/24 17:46:00 INFO  - admin님이 noticeModify.k 요청
17/03/24 17:46:00 INFO  - admin님이 selectFriendList.n 요청
17/03/24 17:46:00 INFO  - admin님이 noticeModify.k 요청
17/03/24 17:46:01 INFO  - admin님이 selectFriendList.n 요청
17/03/24 17:46:01 INFO  - admin님이 noticeModify.k 요청
17/03/24 17:46:02 INFO  - admin님이 selectFriendList.n 요청
17/03/24 17:46:02 INFO  - admin님이 noticeModify.k 요청
17/03/24 17:46:02 INFO  - admin님이 selectFriendList.n 요청
17/03/24 17:46:15 INFO  - admin님이 noticeModify.k 요청
17/03/24 17:46:15 INFO  - admin님이 selectFriendList.n 요청
17/03/24 17:46:48 INFO  - admin님이 noticeModify.k 요청
17/03/24 17:46:49 INFO  - admin님이 selectFriendList.n 요청
17/03/24 17:46:54 INFO  - admin님이 noticeModify.k 요청
17/03/24 17:46:54 INFO  - admin님이 selectFriendList.n 요청
17/03/24 17:48:00 INFO  - admin님이 noticeModify.k 요청
17/03/24 17:48:01 INFO  - admin님이 selectFriendList.n 요청
17/03/24 17:48:02 INFO  - admin님이 noticeModify.k 요청
17/03/24 17:48:03 INFO  - admin님이 selectFriendList.n 요청
17/03/24 17:49:11 INFO  - admin님이 noticeModify.k 요청
17/03/24 17:49:12 INFO  - admin님이 selectFriendList.n 요청
17/03/24 17:49:13 INFO  - admin님이 noticeModify.k 요청
17/03/24 17:49:14 INFO  - admin님이 selectFriendList.n 요청
17/03/24 17:49:15 INFO  - admin님이 noticeModify.k 요청
17/03/24 17:49:16 INFO  - admin님이 selectFriendList.n 요청
17/03/24 17:49:16 INFO  - admin님이 noticeModify.k 요청
17/03/24 17:49:17 INFO  - admin님이 selectFriendList.n 요청
17/03/24 17:49:30 INFO  - admin님이 noticeModify.k 요청
17/03/24 17:49:30 INFO  - admin님이 selectFriendList.n 요청
17/03/24 17:50:46 INFO  - admin님이 alink.do 요청
17/03/24 17:50:47 INFO  - admin님이 selectFriendList.n 요청
17/03/24 17:50:54 INFO  - admin님이 selectFriendList.n 요청
17/03/24 17:51:04 INFO  - admin님이 alink.do 요청
17/03/24 17:51:05 INFO  - admin님이 selectFriendList.n 요청
17/03/24 17:51:06 INFO  - admin님이 selectFriendList.n 요청
17/03/24 17:54:26 INFO  - admin님이 noticeModify.k 요청
17/03/24 17:54:27 INFO  - admin님이 selectFriendList.n 요청
17/03/24 17:54:29 INFO  - admin님이 noticeModify.k 요청
17/03/24 17:54:29 INFO  - admin님이 selectFriendList.n 요청
17/03/24 17:54:42 INFO  - admin님이 noticeModify.k 요청
17/03/24 17:54:42 INFO  - admin님이 selectFriendList.n 요청
17/03/24 17:56:05 INFO  - admin님이 noticeModify.k 요청
17/03/24 17:56:06 INFO  - admin님이 selectFriendList.n 요청
17/03/24 17:56:09 INFO  - admin님이 noticeModify.k 요청
17/03/24 17:56:09 INFO  - admin님이 selectFriendList.n 요청
17/03/24 17:56:26 INFO  - admin님이 noticeModify.k 요청
17/03/24 17:56:27 INFO  - admin님이 selectFriendList.n 요청
17/03/24 17:56:30 INFO  - admin님이 noticeModify.k 요청
17/03/24 17:56:31 INFO  - admin님이 selectFriendList.n 요청
17/03/24 17:57:45 INFO  - admin님이 noticeModify.k 요청
17/03/24 17:57:46 INFO  - admin님이 selectFriendList.n 요청
17/03/24 17:57:48 INFO  - admin님이 noticeModify.k 요청
17/03/24 17:57:48 INFO  - admin님이 selectFriendList.n 요청
17/03/24 17:57:51 INFO  - admin님이 noticeModify.k 요청
17/03/24 17:57:52 INFO  - admin님이 selectFriendList.n 요청
17/03/24 17:58:01 INFO  - admin님이 noticeModify.k 요청
17/03/24 17:58:01 INFO  - admin님이 selectFriendList.n 요청
17/03/24 17:59:30 INFO  - admin님이 noticeModify.k 요청
17/03/24 17:59:32 INFO  - admin님이 selectFriendList.n 요청
17/03/24 17:59:34 INFO  - admin님이 noticeModify.k 요청
17/03/24 17:59:35 INFO  - admin님이 selectFriendList.n 요청
17/03/24 18:00:09 INFO  - admin님이 noticeModify.k 요청
17/03/24 18:00:10 INFO  - admin님이 selectFriendList.n 요청
17/03/24 18:00:26 INFO  - admin님이 noticeModify.k 요청
17/03/24 18:00:27 INFO  - admin님이 selectFriendList.n 요청
17/03/24 18:01:24 INFO  - admin님이 noticeModify.k 요청
17/03/24 18:01:25 INFO  - admin님이 selectFriendList.n 요청
17/03/24 18:01:28 INFO  - admin님이 noticeModify.k 요청
17/03/24 18:01:28 INFO  - admin님이 selectFriendList.n 요청
17/03/24 18:02:13 INFO  - admin님이 noticeModify.k 요청
17/03/24 18:02:14 INFO  - admin님이 selectFriendList.n 요청
17/03/24 18:02:17 INFO  - admin님이 noticeModify.k 요청
17/03/24 18:02:17 INFO  - admin님이 selectFriendList.n 요청
17/03/24 18:03:56 INFO  - admin님이 noticeModify.k 요청
17/03/24 18:03:57 INFO  - admin님이 selectFriendList.n 요청
17/03/24 18:04:00 INFO  - admin님이 noticeModify.k 요청
17/03/24 18:04:01 INFO  - admin님이 selectFriendList.n 요청
17/03/24 18:04:58 INFO  - admin님이 noticeModify.k 요청
17/03/24 18:04:59 INFO  - admin님이 selectFriendList.n 요청
17/03/24 18:05:22 INFO  - admin님이 noticeModify.k 요청
17/03/24 18:05:23 INFO  - admin님이 selectFriendList.n 요청
17/03/24 18:05:46 INFO  - admin님이 noticeModify.k 요청
17/03/24 18:05:47 INFO  - admin님이 selectFriendList.n 요청
17/03/24 18:06:00 INFO  - admin님이 noticeModify.k 요청
17/03/24 18:06:01 INFO  - admin님이 selectFriendList.n 요청
17/03/24 18:06:11 INFO  - admin님이 noticeModify.k 요청
17/03/24 18:06:12 INFO  - admin님이 selectFriendList.n 요청
17/03/24 19:01:23 INFO  - user01@naver.com님이 selectFriendList.n 요청
17/03/24 19:01:25 INFO  - user01@naver.com님이 headmsglist.j 요청
17/03/24 19:01:25 INFO  - user01@naver.com님이 friendAccept.n 요청
17/03/24 19:01:26 INFO  - user01@naver.com님이 headmsglist.j 요청
17/03/24 19:01:26 INFO  - user01@naver.com님이 headmsglist.j 요청
17/03/24 19:01:26 INFO  - user01@naver.com님이 friendAccept.n 요청
17/03/24 19:01:27 INFO  - user01@naver.com님이 friendAccept.n 요청
17/03/24 19:01:28 INFO  - user01@naver.com님이 friendAccept.n 요청
17/03/24 19:01:29 INFO  - user01@naver.com님이 friendAccept.n 요청
17/03/24 19:01:31 INFO  - user01@naver.com님이 headmsglist.j 요청
17/03/24 19:01:34 INFO  - user01@naver.com님이 selectNotice.k 요청
17/03/24 19:01:35 INFO  - user01@naver.com님이 selectFriendList.n 요청
17/03/24 19:01:36 INFO  - user01@naver.com님이 noticeDetail.k 요청
17/03/24 19:01:36 INFO  - user01@naver.com님이 selectFriendList.n 요청
17/03/24 19:01:41 INFO  - user01@naver.com님이 headmsglist.j 요청
17/03/24 19:01:49 INFO  - admin님이 selectFriendList.n 요청
17/03/24 19:01:50 INFO  - admin님이 friendAccept.n 요청
17/03/24 19:01:51 INFO  - admin님이 friendAccept.n 요청
17/03/24 19:01:54 INFO  - admin님이 selectNotice.k 요청
17/03/24 19:01:55 INFO  - admin님이 selectFriendList.n 요청
17/03/24 19:01:56 INFO  - admin님이 alink.do 요청
17/03/24 19:01:58 INFO  - admin님이 selectFriendList.n 요청
17/03/24 19:03:05 INFO  - admin님이 alink.do 요청
17/03/24 19:03:06 INFO  - admin님이 selectFriendList.n 요청
17/03/24 19:03:07 INFO  - admin님이 alink.do 요청
17/03/24 19:03:08 INFO  - admin님이 selectFriendList.n 요청
17/03/24 19:03:33 INFO  - admin님이 alink.do 요청
17/03/24 19:03:34 INFO  - admin님이 selectFriendList.n 요청
17/03/24 19:03:35 INFO  - admin님이 alink.do 요청
17/03/24 19:03:35 INFO  - admin님이 selectFriendList.n 요청
17/03/24 19:03:47 INFO  - admin님이 alink.do 요청
17/03/24 19:03:48 INFO  - admin님이 selectFriendList.n 요청
17/03/24 19:03:49 INFO  - admin님이 alink.do 요청
17/03/24 19:03:50 INFO  - admin님이 selectFriendList.n 요청
17/03/24 19:03:53 INFO  - admin님이 alink.do 요청
17/03/24 19:03:54 INFO  - admin님이 selectFriendList.n 요청
17/03/24 19:03:58 INFO  - admin님이 noticeWrite.k 요청
17/03/24 19:03:58 INFO  - admin님이 selectNotice.k 요청
17/03/24 19:03:59 INFO  - admin님이 selectFriendList.n 요청
17/03/24 19:04:00 INFO  - admin님이 noticeDetail.k 요청
17/03/24 19:04:00 INFO  - admin님이 selectFriendList.n 요청
17/03/24 19:04:02 INFO  - admin님이 alink.do 요청
17/03/24 19:04:03 INFO  - admin님이 selectFriendList.n 요청
17/03/24 19:04:05 INFO  - admin님이 selectFriendList.n 요청
17/03/24 19:04:05 INFO  - admin님이 alink.do 요청
17/03/24 19:04:06 INFO  - admin님이 selectFriendList.n 요청
17/03/24 19:04:07 INFO  - admin님이 selectFriendList.n 요청
17/03/24 19:04:08 INFO  - admin님이 alink.do 요청
17/03/24 19:04:09 INFO  - admin님이 selectFriendList.n 요청
17/03/24 19:04:11 INFO  - admin님이 selectFriendList.n 요청
17/03/24 19:04:46 INFO  - admin님이 noticeDetail.k 요청
17/03/24 19:04:46 INFO  - admin님이 selectFriendList.n 요청
17/03/24 19:04:47 INFO  - admin님이 alink.do 요청
17/03/24 19:04:48 INFO  - admin님이 selectFriendList.n 요청
17/03/24 19:05:31 INFO  - admin님이 alink.do 요청
17/03/24 19:05:32 INFO  - admin님이 selectFriendList.n 요청
17/03/24 19:05:33 INFO  - admin님이 selectFriendList.n 요청
17/03/24 19:05:34 INFO  - admin님이 noticeDetail.k 요청
17/03/24 19:05:34 INFO  - admin님이 noticeDetail.k 요청
17/03/24 19:05:35 INFO  - admin님이 selectFriendList.n 요청
17/03/24 19:05:36 INFO  - admin님이 alink.do 요청
17/03/24 19:05:36 INFO  - admin님이 selectFriendList.n 요청
17/03/24 19:05:38 INFO  - admin님이 selectFriendList.n 요청
17/03/24 19:05:38 INFO  - admin님이 noticeDetail.k 요청
17/03/24 19:05:39 INFO  - admin님이 selectFriendList.n 요청
17/03/24 19:05:39 INFO  - admin님이 noticeDetail.k 요청
17/03/24 19:05:40 INFO  - admin님이 selectFriendList.n 요청
17/03/24 19:05:43 INFO  - admin님이 alink.do 요청
17/03/24 19:05:44 INFO  - admin님이 selectFriendList.n 요청
17/03/24 19:06:29 INFO  - admin님이 alink.do 요청
17/03/24 19:06:30 INFO  - admin님이 selectFriendList.n 요청
17/03/24 19:06:31 INFO  - admin님이 alink.do 요청
17/03/24 19:06:32 INFO  - admin님이 selectFriendList.n 요청
17/03/24 19:06:34 INFO  - admin님이 alink.do 요청
17/03/24 19:06:35 INFO  - admin님이 selectFriendList.n 요청
17/03/24 19:06:37 INFO  - admin님이 selectNotice.k 요청
17/03/24 19:06:38 INFO  - admin님이 selectFriendList.n 요청
17/03/24 19:06:41 INFO  - admin님이 noticeDetail.k 요청
17/03/24 19:06:42 INFO  - admin님이 selectFriendList.n 요청
17/03/24 19:06:43 INFO  - admin님이 noticeModify.k 요청
17/03/24 19:06:44 INFO  - admin님이 selectFriendList.n 요청
17/03/24 19:06:59 INFO  - admin님이 noticeModify.k 요청
17/03/24 19:06:59 INFO  - admin님이 selectFriendList.n 요청
17/03/24 19:07:03 INFO  - admin님이 noticeModify.k 요청
17/03/24 19:07:04 INFO  - admin님이 selectFriendList.n 요청
17/03/24 19:07:04 INFO  - admin님이 noticeModify.k 요청
17/03/24 19:07:05 INFO  - admin님이 selectFriendList.n 요청
17/03/24 19:07:06 INFO  - admin님이 noticeModify.k 요청
17/03/24 19:07:08 INFO  - admin님이 selectFriendList.n 요청
17/03/24 19:07:11 INFO  - admin님이 noticeModify.k 요청
17/03/24 19:07:12 INFO  - admin님이 selectFriendList.n 요청
17/03/24 19:07:21 INFO  - admin님이 noticeModify.k 요청
17/03/24 19:07:22 INFO  - admin님이 selectFriendList.n 요청
17/03/24 19:11:38 INFO  - user01@naver.com님이 selectFriendList.n 요청
17/03/24 19:11:41 INFO  - user01@naver.com님이 selectQna.n 요청
17/03/24 19:11:43 INFO  - user01@naver.com님이 selectFriendList.n 요청
17/03/24 19:11:44 INFO  - user01@naver.com님이 detailQna.n 요청
17/03/24 19:11:45 INFO  - user01@naver.com님이 selectFriendList.n 요청
17/03/24 19:11:46 INFO  - user01@naver.com님이 mypage2.b 요청
17/03/24 19:11:48 INFO  - user01@naver.com님이 selectFriendList.n 요청
17/03/24 19:11:52 INFO  - user01@naver.com님이 totalSearch.n 요청
17/03/24 19:11:53 INFO  - user01@naver.com님이 totalSearch.n 요청
17/03/24 19:11:53 INFO  - user01@naver.com님이 totalSearch.n 요청
17/03/24 19:11:53 INFO  - user01@naver.com님이 totalSearch.n 요청
17/03/24 19:11:53 INFO  - user01@naver.com님이 totalSearch.n 요청
17/03/24 19:11:53 INFO  - user01@naver.com님이 totalSearch.n 요청
17/03/24 19:11:53 INFO  - user01@naver.com님이 totalSearch.n 요청
17/03/24 19:11:53 INFO  - user01@naver.com님이 totalSearch.n 요청
17/03/24 19:11:53 INFO  - user01@naver.com님이 totalSearch.n 요청
17/03/24 19:11:54 INFO  - user01@naver.com님이 mypage2.b 요청
17/03/24 19:11:55 INFO  - user01@naver.com님이 selectFriendList.n 요청
17/03/24 19:11:56 INFO  - user01@naver.com님이 totalSearch.n 요청
17/03/24 19:11:56 INFO  - user01@naver.com님이 totalSearch.n 요청
17/03/24 19:11:57 INFO  - user01@naver.com님이 totalSearch.n 요청
17/03/24 19:11:57 INFO  - user01@naver.com님이 totalSearch.n 요청
17/03/24 19:11:57 INFO  - user01@naver.com님이 totalSearch.n 요청
17/03/24 19:11:57 INFO  - user01@naver.com님이 totalSearch.n 요청
17/03/24 19:11:57 INFO  - user01@naver.com님이 totalSearch.n 요청
17/03/24 19:11:57 INFO  - user01@naver.com님이 totalSearch.n 요청
17/03/24 19:11:57 INFO  - user01@naver.com님이 totalSearch.n 요청
17/03/24 19:11:57 INFO  - user01@naver.com님이 totalSearch.n 요청
17/03/24 19:11:58 INFO  - user01@naver.com님이 mypage2.b 요청
17/03/24 19:11:59 INFO  - user01@naver.com님이 selectFriendList.n 요청
17/03/24 19:12:01 INFO  - user01@naver.com님이 friendAccept.n 요청
17/03/24 19:42:37 INFO  - user01@naver.com님이 selectFriendList.n 요청
17/03/24 19:42:39 INFO  - user01@naver.com님이 totalSearch.n 요청
17/03/24 19:42:39 INFO  - user01@naver.com님이 totalSearch.n 요청
17/03/24 19:42:39 INFO  - user01@naver.com님이 totalSearch.n 요청
17/03/24 19:42:41 INFO  - user01@naver.com님이 searchMember.n 요청
17/03/24 19:42:43 INFO  - user01@naver.com님이 selectFriendList.n 요청
17/03/24 19:42:44 INFO  - user01@naver.com님이 totalSearch.n 요청
17/03/24 19:42:44 INFO  - user01@naver.com님이 totalSearch.n 요청
17/03/24 19:42:44 INFO  - user01@naver.com님이 totalSearch.n 요청
17/03/24 19:42:46 INFO  - user01@naver.com님이 searchMember.n 요청
17/03/24 19:42:46 INFO  - user01@naver.com님이 selectFriendList.n 요청
17/03/24 19:42:50 INFO  - user01@naver.com님이 appendMember.n 요청
17/03/24 19:42:52 INFO  - user01@naver.com님이 appendMember.n 요청
17/03/24 19:42:55 INFO  - user01@naver.com님이 appendMember.n 요청
17/03/24 19:42:56 INFO  - user01@naver.com님이 appendMember.n 요청
17/03/24 19:43:09 INFO  - user01@naver.com님이 appendMember.n 요청
17/03/24 19:43:09 INFO  - user01@naver.com님이 appendMember.n 요청
17/03/24 19:43:13 INFO  - user01@naver.com님이 searchGroup.n 요청
17/03/24 19:43:14 INFO  - user01@naver.com님이 selectFriendList.n 요청
17/03/24 19:43:14 INFO  - user01@naver.com님이 searchChannel.n 요청
17/03/24 19:43:15 INFO  - user01@naver.com님이 selectFriendList.n 요청
17/03/24 19:43:22 INFO  - user01@naver.com님이 totalSearch.n 요청
17/03/24 19:43:22 INFO  - user01@naver.com님이 totalSearch.n 요청
17/03/24 19:43:25 INFO  - user01@naver.com님이 totalSearch.n 요청
17/03/24 19:43:25 INFO  - user01@naver.com님이 totalSearch.n 요청
17/03/24 19:43:25 INFO  - user01@naver.com님이 totalSearch.n 요청
17/03/24 19:43:27 INFO  - user01@naver.com님이 searchGroup.n 요청
17/03/24 19:43:28 INFO  - user01@naver.com님이 selectFriendList.n 요청
17/03/24 19:43:29 INFO  - user01@naver.com님이 appendGroup.n 요청
17/03/24 19:43:30 INFO  - user01@naver.com님이 appendGroup.n 요청
17/03/24 19:43:32 INFO  - user01@naver.com님이 appendGroup.n 요청
17/03/24 19:43:32 INFO  - user01@naver.com님이 appendGroup.n 요청
17/03/24 19:43:37 INFO  - user01@naver.com님이 appendGroup.n 요청
17/03/24 19:43:52 INFO  - user01@naver.com님이 appendGroup.n 요청
17/03/24 19:43:54 INFO  - user01@naver.com님이 searchGroup.n 요청
17/03/24 19:43:55 INFO  - user01@naver.com님이 selectFriendList.n 요청
17/03/24 19:44:12 INFO  - user02@naver.com님이 selectFriendList.n 요청
17/03/24 19:44:16 INFO  - user02@naver.com님이 headmsglist.j 요청
17/03/24 19:44:16 INFO  - user02@naver.com님이 headmsglist.j 요청
17/03/24 19:44:17 INFO  - user02@naver.com님이 friendAccept.n 요청
17/03/24 19:44:21 INFO  - user02@naver.com님이 headmsglist.j 요청
17/03/24 19:58:04 INFO  - user01@naver.com님이 selectFriendList.n 요청
