17/03/20 19:08:32 INFO  - user01@naver.com님이 mypage.b 요청
17/03/20 19:08:32 INFO  - user01@naver.com님이 mypage.b 요청
17/03/20 19:09:00 INFO  - user01@naver.com님이 mypageInsert.b 요청
17/03/20 19:09:00 INFO  - user01@naver.com님이 mypageInsert.b 요청
17/03/20 19:11:28 INFO  - user01@naver.com님이 mypageInsert.b 요청
17/03/20 19:11:28 INFO  - user01@naver.com님이 mypageInsert.b 요청
17/03/20 19:11:34 INFO  - user01@naver.com님이 mypage.b 요청
17/03/20 19:11:34 INFO  - user01@naver.com님이 mypage.b 요청
17/03/20 19:11:35 INFO  - user01@naver.com님이 mypage.b 요청
17/03/20 19:11:35 INFO  - user01@naver.com님이 mypage.b 요청
17/03/20 19:11:35 INFO  - user01@naver.com님이 mypage.b 요청
17/03/20 19:11:35 INFO  - user01@naver.com님이 mypage.b 요청
17/03/20 19:11:35 INFO  - user01@naver.com님이 mypage.b 요청
17/03/20 19:11:35 INFO  - user01@naver.com님이 mypage.b 요청
17/03/20 19:11:35 INFO  - user01@naver.com님이 mypage.b 요청
17/03/20 19:11:35 INFO  - user01@naver.com님이 mypage.b 요청
17/03/20 19:11:36 INFO  - user01@naver.com님이 mypage.b 요청
17/03/20 19:11:36 INFO  - user01@naver.com님이 mypage.b 요청
17/03/20 19:11:56 INFO  - user01@naver.com님이 mypageInsert.b 요청
17/03/20 19:11:56 INFO  - user01@naver.com님이 mypageInsert.b 요청
17/03/20 19:11:57 INFO  - user01@naver.com님이 mypage2.b 요청
17/03/20 19:11:57 INFO  - user01@naver.com님이 mypage2.b 요청
17/03/20 19:17:33 INFO  - user01@naver.com님이 mypageInsert.b 요청
17/03/20 19:17:33 INFO  - user01@naver.com님이 mypageInsert.b 요청
17/03/20 19:17:33 INFO  - user01@naver.com님이 mypage2.b 요청
17/03/20 19:17:33 INFO  - user01@naver.com님이 mypage2.b 요청
17/03/20 19:17:45 INFO  - user01@naver.com님이 mypageUpdate.b 요청
17/03/20 19:17:45 INFO  - user01@naver.com님이 mypageUpdate.b 요청
17/03/20 19:17:45 INFO  - user01@naver.com님이 mypage2.b 요청
17/03/20 19:17:45 INFO  - user01@naver.com님이 mypage2.b 요청
17/03/20 19:22:03 INFO  - user01@naver.com님이 mypage.b 요청
17/03/20 19:22:03 INFO  - user01@naver.com님이 mypage.b 요청
17/03/20 19:24:00 INFO  - user01@naver.com님이 mypage.b 요청
17/03/20 19:24:00 INFO  - user01@naver.com님이 mypage.b 요청
17/03/20 19:25:45 INFO  - user01@naver.com님이 mypage.b 요청
17/03/20 19:25:45 INFO  - user01@naver.com님이 mypage.b 요청
17/03/20 19:26:43 INFO  - user01@naver.com님이 download.p 요청
17/03/20 19:26:43 INFO  - user01@naver.com님이 download.p 요청
17/03/20 19:27:31 INFO  - user01@naver.com님이 mypage.b 요청
17/03/20 19:27:31 INFO  - user01@naver.com님이 mypage.b 요청
17/03/20 19:39:28 INFO  - user01@naver.com님이 mypageInsert.b 요청
17/03/20 19:39:28 INFO  - user01@naver.com님이 mypageInsert.b 요청
17/03/20 19:39:29 INFO  - user01@naver.com님이 mypage2.b 요청
17/03/20 19:39:29 INFO  - user01@naver.com님이 mypage2.b 요청
17/03/20 19:42:06 INFO  - user01@naver.com님이 mypageInsert.b 요청
17/03/20 19:42:06 INFO  - user01@naver.com님이 mypageInsert.b 요청
17/03/20 19:42:09 INFO  - user01@naver.com님이 mypageInsert.b 요청
17/03/20 19:42:09 INFO  - user01@naver.com님이 mypageInsert.b 요청
17/03/20 19:42:33 INFO  - user01@naver.com님이 mypage.b 요청
17/03/20 19:42:33 INFO  - user01@naver.com님이 mypage.b 요청
17/03/20 19:44:07 INFO  - user01@naver.com님이 mypage.b 요청
17/03/20 19:44:07 INFO  - user01@naver.com님이 mypage.b 요청
17/03/20 19:45:11 INFO  - user01@naver.com님이 mypage.b 요청
17/03/20 19:45:11 INFO  - user01@naver.com님이 mypage.b 요청
17/03/20 19:45:51 INFO  - user01@naver.com님이 mypage.b 요청
17/03/20 19:45:51 INFO  - user01@naver.com님이 mypage.b 요청
17/03/20 19:49:23 INFO  - user01@naver.com님이 mypageUpdate.b 요청
17/03/20 19:49:23 INFO  - user01@naver.com님이 mypageUpdate.b 요청
17/03/20 19:49:23 INFO  - user01@naver.com님이 mypage2.b 요청
17/03/20 19:49:23 INFO  - user01@naver.com님이 mypage2.b 요청
17/03/20 19:51:08 INFO  - user01@naver.com님이 mypageUpdate.b 요청
17/03/20 19:51:08 INFO  - user01@naver.com님이 mypageUpdate.b 요청
17/03/20 19:51:15 INFO  - user01@naver.com님이 mypage.b 요청
17/03/20 19:51:15 INFO  - user01@naver.com님이 mypage.b 요청
17/03/20 19:51:28 INFO  - user01@naver.com님이 mypageLike.b 요청
17/03/20 19:51:28 INFO  - user01@naver.com님이 mypageLike.b 요청
17/03/20 20:01:06 INFO  - user01@naver.com님이 mypage.b 요청
17/03/20 20:01:06 INFO  - user01@naver.com님이 mypage.b 요청
17/03/20 20:02:01 INFO  - user01@naver.com님이 mypageUpdate.b 요청
17/03/20 20:02:01 INFO  - user01@naver.com님이 mypageUpdate.b 요청
17/03/20 20:02:02 INFO  - user01@naver.com님이 mypage2.b 요청
17/03/20 20:02:02 INFO  - user01@naver.com님이 mypage2.b 요청
17/03/20 20:03:44 INFO  - user01@naver.com님이 mypage.b 요청
17/03/20 20:03:44 INFO  - user01@naver.com님이 mypage.b 요청
17/03/20 20:05:41 INFO  - user01@naver.com님이 mypage.b 요청
17/03/20 20:05:41 INFO  - user01@naver.com님이 mypage.b 요청
17/03/20 20:11:56 INFO  - user01@naver.com님이 mypage.b 요청
17/03/20 20:11:56 INFO  - user01@naver.com님이 mypage.b 요청
17/03/20 20:12:48 INFO  - user01@naver.com님이 mypageUpdate.b 요청
17/03/20 20:12:48 INFO  - user01@naver.com님이 mypageUpdate.b 요청
17/03/20 20:12:49 INFO  - user01@naver.com님이 mypage2.b 요청
17/03/20 20:12:49 INFO  - user01@naver.com님이 mypage2.b 요청
17/03/20 20:20:01 INFO  - user01@naver.com님이 mypage.b 요청
17/03/20 20:20:01 INFO  - user01@naver.com님이 mypage.b 요청
17/03/20 20:20:59 INFO  - user01@naver.com님이 mypageUpdate.b 요청
17/03/20 20:20:59 INFO  - user01@naver.com님이 mypageUpdate.b 요청
17/03/20 20:21:01 INFO  - user01@naver.com님이 mypage2.b 요청
17/03/20 20:21:01 INFO  - user01@naver.com님이 mypage2.b 요청
17/03/20 20:24:11 INFO  - user01@naver.com님이 MypageUnLike.b 요청
17/03/20 20:24:11 INFO  - user01@naver.com님이 MypageUnLike.b 요청
17/03/20 20:24:16 INFO  - user01@naver.com님이 mypageLike.b 요청
17/03/20 20:24:16 INFO  - user01@naver.com님이 mypageLike.b 요청
17/03/20 20:24:21 INFO  - user01@naver.com님이 mypageLike.b 요청
17/03/20 20:24:21 INFO  - user01@naver.com님이 mypageLike.b 요청
17/03/20 20:24:21 INFO  - user01@naver.com님이 mypageLike.b 요청
17/03/20 20:24:21 INFO  - user01@naver.com님이 mypageLike.b 요청
17/03/20 20:24:22 INFO  - user01@naver.com님이 mypageLike.b 요청
17/03/20 20:24:22 INFO  - user01@naver.com님이 mypageLike.b 요청
17/03/20 20:30:55 INFO  - user01@naver.com님이 mypage.b 요청
17/03/20 20:30:55 INFO  - user01@naver.com님이 mypage.b 요청
17/03/20 20:43:35 INFO  - user01@naver.com님이 mypageLike.b 요청
17/03/20 20:43:35 INFO  - user01@naver.com님이 mypageLike.b 요청
17/03/20 20:43:36 INFO  - user01@naver.com님이 MypageUnLike.b 요청
17/03/20 20:43:36 INFO  - user01@naver.com님이 MypageUnLike.b 요청
17/03/20 20:44:02 INFO  - user01@naver.com님이 mypageUpdate.b 요청
17/03/20 20:44:02 INFO  - user01@naver.com님이 mypageUpdate.b 요청
17/03/20 20:44:02 INFO  - user01@naver.com님이 mypage2.b 요청
17/03/20 20:44:02 INFO  - user01@naver.com님이 mypage2.b 요청
17/03/20 20:48:59 INFO  - user01@naver.com님이 MypageUnLike.b 요청
17/03/20 20:48:59 INFO  - user01@naver.com님이 MypageUnLike.b 요청
17/03/20 20:49:23 INFO  - user01@naver.com님이 mypageComment.b 요청
17/03/20 20:49:23 INFO  - user01@naver.com님이 mypageComment.b 요청
17/03/20 20:49:23 INFO  - user01@naver.com님이 mypage2.b 요청
17/03/20 20:49:23 INFO  - user01@naver.com님이 mypage2.b 요청
17/03/20 20:49:36 INFO  - user01@naver.com님이 mypageDetail.b 요청
17/03/20 20:49:36 INFO  - user01@naver.com님이 mypageDetail.b 요청
17/03/20 20:52:59 INFO  - user01@naver.com님이 mypage.b 요청
17/03/20 20:52:59 INFO  - user01@naver.com님이 mypage.b 요청
17/03/20 20:53:11 INFO  - user01@naver.com님이 mypagePoto.b 요청
17/03/20 20:53:11 INFO  - user01@naver.com님이 mypagePoto.b 요청
17/03/20 20:57:47 INFO  - user01@naver.com님이 mypagePoto.b 요청
17/03/20 20:57:47 INFO  - user01@naver.com님이 mypagePoto.b 요청
17/03/20 21:00:00 INFO  - user01@naver.com님이 mypagePoto.b 요청
17/03/20 21:00:00 INFO  - user01@naver.com님이 mypagePoto.b 요청
17/03/20 21:02:23 INFO  - user01@naver.com님이 mypagePoto.b 요청
17/03/20 21:02:23 INFO  - user01@naver.com님이 mypagePoto.b 요청
17/03/20 21:02:26 INFO  - user01@naver.com님이 mypagePoto.b 요청
17/03/20 21:02:26 INFO  - user01@naver.com님이 mypagePoto.b 요청
17/03/20 21:02:32 INFO  - user01@naver.com님이 mypagePoto.b 요청
17/03/20 21:02:32 INFO  - user01@naver.com님이 mypagePoto.b 요청
17/03/20 21:02:35 INFO  - user01@naver.com님이 mypagePoto.b 요청
17/03/20 21:02:35 INFO  - user01@naver.com님이 mypagePoto.b 요청
17/03/20 21:02:37 INFO  - user01@naver.com님이 mypage.b 요청
17/03/20 21:02:37 INFO  - user01@naver.com님이 mypage.b 요청
17/03/20 21:02:41 INFO  - user01@naver.com님이 mypagePoto.b 요청
17/03/20 21:02:41 INFO  - user01@naver.com님이 mypagePoto.b 요청
17/03/20 21:03:14 INFO  - user01@naver.com님이 mypagePoto.b 요청
17/03/20 21:03:14 INFO  - user01@naver.com님이 mypagePoto.b 요청
17/03/20 21:04:28 INFO  - user01@naver.com님이 mypagePoto.b 요청
17/03/20 21:04:28 INFO  - user01@naver.com님이 mypagePoto.b 요청
17/03/20 21:04:49 INFO  - user01@naver.com님이 mypage.b 요청
17/03/20 21:04:49 INFO  - user01@naver.com님이 mypage.b 요청
17/03/20 21:05:22 INFO  - user01@naver.com님이 mypageInsert.b 요청
17/03/20 21:05:22 INFO  - user01@naver.com님이 mypageInsert.b 요청
17/03/20 21:05:22 INFO  - user01@naver.com님이 mypage2.b 요청
17/03/20 21:05:22 INFO  - user01@naver.com님이 mypage2.b 요청
17/03/20 21:05:37 INFO  - user01@naver.com님이 mypagePoto.b 요청
17/03/20 21:05:37 INFO  - user01@naver.com님이 mypagePoto.b 요청
17/03/20 21:06:50 INFO  - user01@naver.com님이 mypagePoto.b 요청
17/03/20 21:06:50 INFO  - user01@naver.com님이 mypagePoto.b 요청
17/03/20 21:07:03 INFO  - user01@naver.com님이 mypage.b 요청
17/03/20 21:07:03 INFO  - user01@naver.com님이 mypage.b 요청
17/03/20 21:08:25 INFO  - user01@naver.com님이 mypage.b 요청
17/03/20 21:08:25 INFO  - user01@naver.com님이 mypage.b 요청
17/03/20 21:08:32 INFO  - user01@naver.com님이 mypagePoto.b 요청
17/03/20 21:08:32 INFO  - user01@naver.com님이 mypagePoto.b 요청
17/03/20 21:08:57 INFO  - user01@naver.com님이 mypagePoto.b 요청
17/03/20 21:08:57 INFO  - user01@naver.com님이 mypagePoto.b 요청
17/03/20 21:09:18 INFO  - user01@naver.com님이 mypageDetail.b 요청
17/03/20 21:09:18 INFO  - user01@naver.com님이 mypageDetail.b 요청
17/03/20 21:09:26 INFO  - user01@naver.com님이 alink.do 요청
17/03/20 21:09:26 INFO  - user01@naver.com님이 alink.do 요청
17/03/20 21:09:28 INFO  - user01@naver.com님이 selectFriendList.n 요청
17/03/20 21:09:28 INFO  - user01@naver.com님이 selectFriendList.n 요청
17/03/20 21:12:59 INFO  - user01@naver.com님이 mypageDetail.b 요청
17/03/20 21:12:59 INFO  - user01@naver.com님이 mypageDetail.b 요청
17/03/20 21:13:54 INFO  - user01@naver.com님이 getCity.k 요청
17/03/20 21:13:54 INFO  - user01@naver.com님이 getCity.k 요청
17/03/20 21:14:03 INFO  - user01@naver.com님이 mypage.b 요청
17/03/20 21:14:03 INFO  - user01@naver.com님이 mypage.b 요청
17/03/20 21:14:18 INFO  - user01@naver.com님이 alink.do 요청
17/03/20 21:14:18 INFO  - user01@naver.com님이 alink.do 요청
17/03/20 21:14:34 INFO  - user01@naver.com님이 mypagePoto.b 요청
17/03/20 21:14:34 INFO  - user01@naver.com님이 mypagePoto.b 요청
17/03/20 21:14:37 INFO  - user01@naver.com님이 mypageDetail.b 요청
17/03/20 21:14:37 INFO  - user01@naver.com님이 mypageDetail.b 요청
17/03/20 21:14:40 INFO  - user01@naver.com님이 mypagePoto.b 요청
17/03/20 21:14:40 INFO  - user01@naver.com님이 mypagePoto.b 요청
17/03/20 21:14:44 INFO  - user01@naver.com님이 mypage.b 요청
17/03/20 21:14:44 INFO  - user01@naver.com님이 mypage.b 요청
17/03/20 21:17:54 INFO  - user01@naver.com님이 alink.do 요청
17/03/20 21:17:54 INFO  - user01@naver.com님이 alink.do 요청
17/03/20 21:17:56 INFO  - user01@naver.com님이 selectFriendList.n 요청
17/03/20 21:17:56 INFO  - user01@naver.com님이 selectFriendList.n 요청
17/03/20 21:18:33 INFO  - user01@naver.com님이 mypage.b 요청
17/03/20 21:18:33 INFO  - user01@naver.com님이 mypage.b 요청
17/03/20 21:22:44 INFO  - user01@naver.com님이 mypageDetail.b 요청
17/03/20 21:22:44 INFO  - user01@naver.com님이 mypageDetail.b 요청
